<?xml version="1.0" encoding="UTF-8"?>
<coverage generated="1783332332175" clover="3.2.0">
  <project timestamp="1783332332175" name="All files">
    <metrics statements="223" coveredstatements="223" conditionals="90" coveredconditionals="69" methods="97" coveredmethods="93" elements="410" coveredelements="385" complexity="0" loc="223" ncloc="223" packages="7" files="25" classes="25"/>
    <package name="src">
      <metrics statements="1" coveredstatements="1" conditionals="0" coveredconditionals="0" methods="1" coveredmethods="1"/>
      <file name="App.tsx" path="/Users/dmitrisnytkine/projects/cmdrest-web/src/App.tsx">
        <metrics statements="1" coveredstatements="1" conditionals="0" coveredconditionals="0" methods="1" coveredmethods="1"/>
        <line num="18" count="7" type="stmt"/>
      </file>
    </package>
    <package name="src.components">
      <metrics statements="37" coveredstatements="37" conditionals="13" coveredconditionals="13" methods="26" coveredmethods="26"/>
      <file name="CodeBlock.tsx" path="/Users/dmitrisnytkine/projects/cmdrest-web/src/components/CodeBlock.tsx">
        <metrics statements="1" coveredstatements="1" conditionals="2" coveredconditionals="2" methods="1" coveredmethods="1"/>
        <line num="17" count="34" type="stmt"/>
      </file>
      <file name="FeatureCard.tsx" path="/Users/dmitrisnytkine/projects/cmdrest-web/src/components/FeatureCard.tsx">
        <metrics statements="1" coveredstatements="1" conditionals="0" coveredconditionals="0" methods="1" coveredmethods="1"/>
        <line num="16" count="141" type="stmt"/>
      </file>
      <file name="FeatureIcon.tsx" path="/Users/dmitrisnytkine/projects/cmdrest-web/src/components/FeatureIcon.tsx">
        <metrics statements="2" coveredstatements="2" conditionals="1" coveredconditionals="1" methods="1" coveredmethods="1"/>
        <line num="12" count="3" type="stmt"/>
        <line num="132" count="160" type="stmt"/>
      </file>
      <file name="Footer.tsx" path="/Users/dmitrisnytkine/projects/cmdrest-web/src/components/Footer.tsx">
        <metrics statements="8" coveredstatements="8" conditionals="0" coveredconditionals="0" methods="6" coveredmethods="6"/>
        <line num="11" count="15" type="stmt"/>
        <line num="14" count="15" type="stmt"/>
        <line num="15" count="4" type="stmt"/>
        <line num="18" count="15" type="stmt"/>
        <line num="25" count="1" type="stmt"/>
        <line num="33" count="1" type="stmt"/>
        <line num="36" count="1" type="stmt"/>
        <line num="39" count="1" type="stmt"/>
      </file>
      <file name="Layout.tsx" path="/Users/dmitrisnytkine/projects/cmdrest-web/src/components/Layout.tsx">
        <metrics statements="5" coveredstatements="5" conditionals="0" coveredconditionals="0" methods="2" coveredmethods="2"/>
        <line num="20" count="11" type="stmt"/>
        <line num="23" count="11" type="stmt"/>
        <line num="25" count="11" type="stmt"/>
        <line num="27" count="11" type="stmt"/>
        <line num="30" count="11" type="stmt"/>
      </file>
      <file name="NavBar.tsx" path="/Users/dmitrisnytkine/projects/cmdrest-web/src/components/NavBar.tsx">
        <metrics statements="15" coveredstatements="15" conditionals="8" coveredconditionals="8" methods="10" coveredmethods="10"/>
        <line num="16" count="24" type="stmt"/>
        <line num="35" count="28" type="stmt"/>
        <line num="38" count="28" type="stmt"/>
        <line num="39" count="4" type="stmt"/>
        <line num="40" count="4" type="stmt"/>
        <line num="41" count="4" type="stmt"/>
        <line num="46" count="28" type="stmt"/>
        <line num="47" count="7" type="stmt"/>
        <line num="48" count="7" type="stmt"/>
        <line num="51" count="28" type="stmt"/>
        <line num="54" count="1" type="stmt"/>
        <line num="80" count="112" type="stmt"/>
        <line num="86" count="108" type="cond" truecount="2" falsecount="0"/>
        <line num="88" count="6" type="stmt"/>
        <line num="98" count="1" type="stmt"/>
      </file>
      <file name="SectionHeading.tsx" path="/Users/dmitrisnytkine/projects/cmdrest-web/src/components/SectionHeading.tsx">
        <metrics statements="1" coveredstatements="1" conditionals="2" coveredconditionals="2" methods="1" coveredmethods="1"/>
        <line num="18" count="31" type="stmt"/>
      </file>
      <file name="TechBackground.tsx" path="/Users/dmitrisnytkine/projects/cmdrest-web/src/components/TechBackground.tsx">
        <metrics statements="4" coveredstatements="4" conditionals="0" coveredconditionals="0" methods="4" coveredmethods="4"/>
        <line num="13" count="12" type="stmt"/>
        <line num="27" count="12" type="stmt"/>
        <line num="54" count="12" type="stmt"/>
        <line num="80" count="12" type="stmt"/>
      </file>
    </package>
    <package name="src.content">
      <metrics statements="14" coveredstatements="14" conditionals="2" coveredconditionals="2" methods="3" coveredmethods="3"/>
      <file name="downloads.ts" path="/Users/dmitrisnytkine/projects/cmdrest-web/src/content/downloads.ts">
        <metrics statements="1" coveredstatements="1" conditionals="0" coveredconditionals="0" methods="0" coveredmethods="0"/>
        <line num="24" count="3" type="stmt"/>
      </file>
      <file name="features.ts" path="/Users/dmitrisnytkine/projects/cmdrest-web/src/content/features.ts">
        <metrics statements="9" coveredstatements="9" conditionals="2" coveredconditionals="2" methods="3" coveredmethods="3"/>
        <line num="54" count="4" type="stmt"/>
        <line num="205" count="238" type="stmt"/>
        <line num="214" count="6" type="stmt"/>
        <line num="215" count="6" type="stmt"/>
        <line num="217" count="102" type="stmt"/>
        <line num="218" count="102" type="cond" truecount="2" falsecount="0"/>
        <line num="219" count="72" type="stmt"/>
        <line num="221" count="30" type="stmt"/>
        <line num="224" count="6" type="stmt"/>
      </file>
      <file name="site.ts" path="/Users/dmitrisnytkine/projects/cmdrest-web/src/content/site.ts">
        <metrics statements="2" coveredstatements="2" conditionals="0" coveredconditionals="0" methods="0" coveredmethods="0"/>
        <line num="30" count="5" type="stmt"/>
        <line num="54" count="5" type="stmt"/>
      </file>
      <file name="snippets.ts" path="/Users/dmitrisnytkine/projects/cmdrest-web/src/content/snippets.ts">
        <metrics statements="2" coveredstatements="2" conditionals="0" coveredconditionals="0" methods="0" coveredmethods="0"/>
        <line num="9" count="2" type="stmt"/>
        <line num="35" count="2" type="stmt"/>
      </file>
    </package>
    <package name="src.logging">
      <metrics statements="33" coveredstatements="33" conditionals="18" coveredconditionals="14" methods="13" coveredmethods="13"/>
      <file name="index.ts" path="/Users/dmitrisnytkine/projects/cmdrest-web/src/logging/index.ts">
        <metrics statements="0" coveredstatements="0" conditionals="0" coveredconditionals="0" methods="0" coveredmethods="0"/>
      </file>
      <file name="logger.ts" path="/Users/dmitrisnytkine/projects/cmdrest-web/src/logging/logger.ts">
        <metrics statements="33" coveredstatements="33" conditionals="18" coveredconditionals="14" methods="13" coveredmethods="13"/>
        <line num="24" count="5" type="stmt"/>
        <line num="27" count="5" type="stmt"/>
        <line num="34" count="470" type="stmt"/>
        <line num="44" count="48" type="stmt"/>
        <line num="47" count="48" type="cond" truecount="2" falsecount="0"/>
        <line num="48" count="48" type="stmt"/>
        <line num="57" count="48" type="stmt"/>
        <line num="65" count="2" type="stmt"/>
        <line num="66" count="2" type="cond" truecount="1" falsecount="1"/>
        <line num="68" count="1" type="stmt"/>
        <line num="78" count="42" type="stmt"/>
        <line num="79" count="40" type="stmt"/>
        <line num="82" count="40" type="stmt"/>
        <line num="94" count="5" type="stmt"/>
        <line num="97" count="470" type="cond" truecount="3" falsecount="1"/>
        <line num="98" count="470" type="cond" truecount="1" falsecount="1"/>
        <line num="99" count="470" type="stmt"/>
        <line num="100" count="42" type="stmt"/>
        <line num="107" count="5" type="cond" truecount="1" falsecount="1"/>
        <line num="108" count="5" type="stmt"/>
        <line num="112" count="5" type="stmt"/>
        <line num="119" count="4" type="stmt"/>
        <line num="128" count="50" type="stmt"/>
        <line num="133" count="73" type="stmt"/>
        <line num="138" count="2" type="stmt"/>
        <line num="146" count="27" type="stmt"/>
        <line num="148" count="27" type="stmt"/>
        <line num="149" count="56" type="stmt"/>
        <line num="154" count="5" type="stmt"/>
        <line num="161" count="27" type="cond" truecount="2" falsecount="0"/>
        <line num="162" count="26" type="stmt"/>
        <line num="164" count="1" type="stmt"/>
        <line num="170" count="12" type="stmt"/>
      </file>
      <file name="types.ts" path="/Users/dmitrisnytkine/projects/cmdrest-web/src/logging/types.ts">
        <metrics statements="0" coveredstatements="0" conditionals="0" coveredconditionals="0" methods="0" coveredmethods="0"/>
      </file>
    </package>
    <package name="src.logging.transports">
      <metrics statements="61" coveredstatements="61" conditionals="32" coveredconditionals="23" methods="24" coveredmethods="20"/>
      <file name="consoleTransport.ts" path="/Users/dmitrisnytkine/projects/cmdrest-web/src/logging/transports/consoleTransport.ts">
        <metrics statements="8" coveredstatements="8" conditionals="2" coveredconditionals="2" methods="1" coveredmethods="1"/>
        <line num="15" count="6" type="stmt"/>
        <line num="25" count="25" type="stmt"/>
        <line num="30" count="20" type="stmt"/>
        <line num="31" count="20" type="stmt"/>
        <line num="33" count="20" type="stmt"/>
        <line num="36" count="20" type="cond" truecount="2" falsecount="0"/>
        <line num="37" count="14" type="stmt"/>
        <line num="39" count="6" type="stmt"/>
      </file>
      <file name="indexedDbTransport.ts" path="/Users/dmitrisnytkine/projects/cmdrest-web/src/logging/transports/indexedDbTransport.ts">
        <metrics statements="36" coveredstatements="36" conditionals="19" coveredconditionals="10" methods="19" coveredmethods="15"/>
        <line num="22" count="4" type="stmt"/>
        <line num="27" count="4" type="stmt"/>
        <line num="29" count="4" type="stmt"/>
        <line num="32" count="4" type="cond" truecount="1" falsecount="1"/>
        <line num="33" count="4" type="cond" truecount="2" falsecount="0"/>
        <line num="38" count="6" type="cond" truecount="2" falsecount="0"/>
        <line num="39" count="1" type="stmt"/>
        <line num="41" count="5" type="stmt"/>
        <line num="42" count="5" type="stmt"/>
        <line num="43" count="4" type="stmt"/>
        <line num="47" count="1" type="stmt"/>
        <line num="53" count="3" type="stmt"/>
        <line num="54" count="3" type="stmt"/>
        <line num="55" count="3" type="stmt"/>
        <line num="56" count="3" type="stmt"/>
        <line num="57" count="3" type="stmt"/>
        <line num="58" count="3" type="cond" truecount="0" falsecount="2"/>
        <line num="64" count="1" type="stmt"/>
        <line num="65" count="1" type="stmt"/>
        <line num="73" count="9" type="cond" truecount="2" falsecount="0"/>
        <line num="74" count="4" type="stmt"/>
        <line num="77" count="4" type="cond" truecount="2" falsecount="0"/>
        <line num="78" count="1" type="stmt"/>
        <line num="79" count="1" type="stmt"/>
        <line num="81" count="3" type="stmt"/>
        <line num="82" count="3" type="stmt"/>
        <line num="85" count="3" type="stmt"/>
        <line num="87" count="3" type="stmt"/>
        <line num="88" count="3" type="cond" truecount="0" falsecount="2"/>
        <line num="91" count="9" type="stmt"/>
        <line num="103" count="5" type="stmt"/>
        <line num="104" count="5" type="stmt"/>
        <line num="105" count="5" type="stmt"/>
        <line num="106" count="5" type="stmt"/>
        <line num="107" count="5" type="cond" truecount="0" falsecount="2"/>
        <line num="108" count="5" type="cond" truecount="0" falsecount="2"/>
      </file>
      <file name="localStorageTransport.ts" path="/Users/dmitrisnytkine/projects/cmdrest-web/src/logging/transports/localStorageTransport.ts">
        <metrics statements="17" coveredstatements="17" conditionals="11" coveredconditionals="11" methods="4" coveredmethods="4"/>
        <line num="22" count="7" type="stmt"/>
        <line num="28" count="7" type="cond" truecount="2" falsecount="0"/>
        <line num="29" count="7" type="cond" truecount="2" falsecount="0"/>
        <line num="34" count="10" type="stmt"/>
        <line num="35" count="10" type="stmt"/>
        <line num="36" count="10" type="stmt"/>
        <line num="40" count="10" type="cond" truecount="2" falsecount="0"/>
        <line num="41" count="10" type="stmt"/>
        <line num="53" count="15" type="stmt"/>
        <line num="54" count="15" type="stmt"/>
        <line num="55" count="15" type="cond" truecount="2" falsecount="0"/>
        <line num="56" count="6" type="stmt"/>
        <line num="58" count="9" type="stmt"/>
        <line num="60" count="9" type="cond" truecount="2" falsecount="0"/>
        <line num="62" count="1" type="stmt"/>
        <line num="68" count="1" type="stmt"/>
        <line num="69" count="1" type="stmt"/>
      </file>
    </package>
    <package name="src.pages">
      <metrics statements="29" coveredstatements="29" conditionals="0" coveredconditionals="0" methods="22" coveredmethods="22"/>
      <file name="DocsPage.tsx" path="/Users/dmitrisnytkine/projects/cmdrest-web/src/pages/DocsPage.tsx">
        <metrics statements="6" coveredstatements="6" conditionals="0" coveredconditionals="0" methods="4" coveredmethods="4"/>
        <line num="12" count="2" type="stmt"/>
        <line num="39" count="5" type="stmt"/>
        <line num="40" count="1" type="stmt"/>
        <line num="43" count="5" type="stmt"/>
        <line num="58" count="15" type="stmt"/>
        <line num="64" count="1" type="stmt"/>
      </file>
      <file name="DownloadPage.tsx" path="/Users/dmitrisnytkine/projects/cmdrest-web/src/pages/DownloadPage.tsx">
        <metrics statements="6" coveredstatements="6" conditionals="0" coveredconditionals="0" methods="4" coveredmethods="4"/>
        <line num="11" count="2" type="stmt"/>
        <line num="29" count="5" type="stmt"/>
        <line num="30" count="3" type="stmt"/>
        <line num="33" count="5" type="stmt"/>
        <line num="49" count="15" type="stmt"/>
        <line num="67" count="3" type="stmt"/>
      </file>
      <file name="FeaturesPage.tsx" path="/Users/dmitrisnytkine/projects/cmdrest-web/src/pages/FeaturesPage.tsx">
        <metrics statements="4" coveredstatements="4" conditionals="0" coveredconditionals="0" methods="3" coveredmethods="3"/>
        <line num="12" count="4" type="stmt"/>
        <line num="14" count="4" type="stmt"/>
        <line num="30" count="20" type="stmt"/>
        <line num="38" count="68" type="stmt"/>
      </file>
      <file name="HomePage.tsx" path="/Users/dmitrisnytkine/projects/cmdrest-web/src/pages/HomePage.tsx">
        <metrics statements="11" coveredstatements="11" conditionals="0" coveredconditionals="0" methods="10" coveredmethods="10"/>
        <line num="20" count="2" type="stmt"/>
        <line num="21" count="2" type="stmt"/>
        <line num="27" count="12" type="stmt"/>
        <line num="28" count="5" type="stmt"/>
        <line num="31" count="12" type="stmt"/>
        <line num="48" count="1" type="stmt"/>
        <line num="57" count="1" type="stmt"/>
        <line num="88" count="72" type="stmt"/>
        <line num="92" count="1" type="stmt"/>
        <line num="130" count="1" type="stmt"/>
        <line num="139" count="1" type="stmt"/>
      </file>
      <file name="NotFoundPage.tsx" path="/Users/dmitrisnytkine/projects/cmdrest-web/src/pages/NotFoundPage.tsx">
        <metrics statements="2" coveredstatements="2" conditionals="0" coveredconditionals="0" methods="1" coveredmethods="1"/>
        <line num="8" count="2" type="stmt"/>
        <line num="15" count="2" type="stmt"/>
      </file>
    </package>
    <package name="src.three">
      <metrics statements="48" coveredstatements="48" conditionals="25" coveredconditionals="17" methods="8" coveredmethods="8"/>
      <file name="networkGraph.ts" path="/Users/dmitrisnytkine/projects/cmdrest-web/src/three/networkGraph.ts">
        <metrics statements="48" coveredstatements="48" conditionals="25" coveredconditionals="17" methods="8" coveredmethods="8"/>
        <line num="29" count="12" type="stmt"/>
        <line num="30" count="12" type="stmt"/>
        <line num="32" count="1593" type="stmt"/>
        <line num="33" count="1593" type="stmt"/>
        <line num="34" count="1593" type="stmt"/>
        <line num="35" count="1593" type="stmt"/>
        <line num="52" count="7" type="stmt"/>
        <line num="53" count="7" type="stmt"/>
        <line num="55" count="195" type="stmt"/>
        <line num="56" count="195" type="stmt"/>
        <line num="57" count="195" type="stmt"/>
        <line num="60" count="195" type="stmt"/>
        <line num="61" count="195" type="stmt"/>
        <line num="62" count="195" type="stmt"/>
        <line num="63" count="195" type="stmt"/>
        <line num="65" count="7" type="stmt"/>
        <line num="76" count="6" type="stmt"/>
        <line num="77" count="6" type="stmt"/>
        <line num="78" count="6" type="stmt"/>
        <line num="80" count="6" type="stmt"/>
        <line num="82" count="139" type="stmt"/>
        <line num="83" count="139" type="stmt"/>
        <line num="84" count="3741" type="cond" truecount="2" falsecount="0"/>
        <line num="85" count="139" type="stmt"/>
        <line num="87" count="3602" type="cond" truecount="2" falsecount="2"/>
        <line num="88" count="3741" type="cond" truecount="2" falsecount="2"/>
        <line num="89" count="3741" type="cond" truecount="2" falsecount="2"/>
        <line num="90" count="3741" type="stmt"/>
        <line num="93" count="12709" type="stmt"/>
        <line num="94" count="139" type="stmt"/>
        <line num="96" count="304" type="stmt"/>
        <line num="97" count="304" type="stmt"/>
        <line num="98" count="304" type="stmt"/>
        <line num="99" count="304" type="cond" truecount="2" falsecount="0"/>
        <line num="100" count="198" type="stmt"/>
        <line num="101" count="198" type="stmt"/>
        <line num="105" count="139" type="stmt"/>
        <line num="116" count="4" type="stmt"/>
        <line num="117" count="4" type="stmt"/>
        <line num="118" count="114" type="stmt"/>
        <line num="119" count="342" type="cond" truecount="1" falsecount="1"/>
        <line num="120" count="342" type="cond" truecount="1" falsecount="1"/>
        <line num="123" count="4" type="stmt"/>
        <line num="133" count="3" type="stmt"/>
        <line num="134" count="3" type="stmt"/>
        <line num="135" count="3" type="stmt"/>
        <line num="136" count="3" type="stmt"/>
        <line num="137" count="3" type="stmt"/>
      </file>
    </package>
  </project>
</coverage>
