{"/Users/dmitrisnytkine/projects/cmdrest-web/src/App.tsx": {"path":"/Users/dmitrisnytkine/projects/cmdrest-web/src/App.tsx","statementMap":{"0":{"start":{"line":18,"column":2},"end":{"line":28,"column":null}}},"fnMap":{"0":{"name":"App","decl":{"start":{"line":17,"column":16},"end":{"line":17,"column":41}},"loc":{"start":{"line":17,"column":41},"end":{"line":30,"column":null}},"line":17}},"branchMap":{},"s":{"0":7},"f":{"0":7},"b":{},"meta":{"lastBranch":0,"lastFunction":1,"lastStatement":1,"seen":{"f:17:16:17:41":0,"s:18:2:28:Infinity":0},"fnNames":{}}}
,"/Users/dmitrisnytkine/projects/cmdrest-web/src/components/CodeBlock.tsx": {"path":"/Users/dmitrisnytkine/projects/cmdrest-web/src/components/CodeBlock.tsx","statementMap":{"0":{"start":{"line":17,"column":2},"end":{"line":29,"column":null}}},"fnMap":{"0":{"name":"CodeBlock","decl":{"start":{"line":16,"column":16},"end":{"line":16,"column":26}},"loc":{"start":{"line":16,"column":78},"end":{"line":31,"column":null}},"line":16}},"branchMap":{"0":{"loc":{"start":{"line":24,"column":9},"end":{"line":24,"column":null}},"type":"binary-expr","locations":[{"start":{"line":24,"column":9},"end":{"line":24,"column":32}},{"start":{"line":24,"column":32},"end":{"line":24,"column":null}}],"line":24}},"s":{"0":34},"f":{"0":34},"b":{"0":[34,32]},"meta":{"lastBranch":1,"lastFunction":1,"lastStatement":1,"seen":{"f:16:16:16:26":0,"s:17:2:29:Infinity":0,"b:24:9:24:32:24:32:24:Infinity":0},"fnNames":{}}}
,"/Users/dmitrisnytkine/projects/cmdrest-web/src/components/FeatureCard.tsx": {"path":"/Users/dmitrisnytkine/projects/cmdrest-web/src/components/FeatureCard.tsx","statementMap":{"0":{"start":{"line":16,"column":2},"end":{"line":23,"column":null}}},"fnMap":{"0":{"name":"FeatureCard","decl":{"start":{"line":15,"column":16},"end":{"line":15,"column":28}},"loc":{"start":{"line":15,"column":78},"end":{"line":25,"column":null}},"line":15}},"branchMap":{},"s":{"0":141},"f":{"0":141},"b":{},"meta":{"lastBranch":0,"lastFunction":1,"lastStatement":1,"seen":{"f:15:16:15:28":0,"s:16:2:23:Infinity":0},"fnNames":{}}}
,"/Users/dmitrisnytkine/projects/cmdrest-web/src/components/FeatureIcon.tsx": {"path":"/Users/dmitrisnytkine/projects/cmdrest-web/src/components/FeatureIcon.tsx","statementMap":{"0":{"start":{"line":12,"column":63},"end":{"line":116,"column":null}},"1":{"start":{"line":132,"column":2},"end":{"line":146,"column":null}}},"fnMap":{"0":{"name":"FeatureIcon","decl":{"start":{"line":131,"column":16},"end":{"line":131,"column":28}},"loc":{"start":{"line":131,"column":86},"end":{"line":148,"column":null}},"line":131}},"branchMap":{"0":{"loc":{"start":{"line":131,"column":36},"end":{"line":131,"column":86}},"type":"default-arg","locations":[{"start":{"line":131,"column":43},"end":{"line":131,"column":86}}],"line":131}},"s":{"0":3,"1":160},"f":{"0":160},"b":{"0":[160]},"meta":{"lastBranch":1,"lastFunction":1,"lastStatement":2,"seen":{"s:12:63:116:Infinity":0,"f:131:16:131:28":0,"b:131:43:131:86":0,"s:132:2:146:Infinity":1},"fnNames":{}}}
,"/Users/dmitrisnytkine/projects/cmdrest-web/src/components/Footer.tsx": {"path":"/Users/dmitrisnytkine/projects/cmdrest-web/src/components/Footer.tsx","statementMap":{"0":{"start":{"line":11,"column":15},"end":{"line":11,"column":null}},"1":{"start":{"line":14,"column":8},"end":{"line":16,"column":null}},"2":{"start":{"line":15,"column":4},"end":{"line":15,"column":null}},"3":{"start":{"line":18,"column":2},"end":{"line":44,"column":null}},"4":{"start":{"line":25,"column":92},"end":{"line":25,"column":115}},"5":{"start":{"line":33,"column":90},"end":{"line":33,"column":113}},"6":{"start":{"line":36,"column":88},"end":{"line":36,"column":113}},"7":{"start":{"line":39,"column":93},"end":{"line":39,"column":114}}},"fnMap":{"0":{"name":"Footer","decl":{"start":{"line":9,"column":16},"end":{"line":9,"column":44}},"loc":{"start":{"line":9,"column":44},"end":{"line":46,"column":null}},"line":9},"1":{"name":"(anonymous_1)","decl":{"start":{"line":14,"column":8},"end":{"line":14,"column":23}},"loc":{"start":{"line":14,"column":48},"end":{"line":16,"column":null}},"line":14},"2":{"name":"(anonymous_2)","decl":{"start":{"line":25,"column":77},"end":{"line":25,"column":92}},"loc":{"start":{"line":25,"column":92},"end":{"line":25,"column":115}},"line":25},"3":{"name":"(anonymous_3)","decl":{"start":{"line":33,"column":75},"end":{"line":33,"column":90}},"loc":{"start":{"line":33,"column":90},"end":{"line":33,"column":113}},"line":33},"4":{"name":"(anonymous_4)","decl":{"start":{"line":36,"column":73},"end":{"line":36,"column":88}},"loc":{"start":{"line":36,"column":88},"end":{"line":36,"column":113}},"line":36},"5":{"name":"(anonymous_5)","decl":{"start":{"line":39,"column":78},"end":{"line":39,"column":93}},"loc":{"start":{"line":39,"column":93},"end":{"line":39,"column":114}},"line":39}},"branchMap":{},"s":{"0":15,"1":15,"2":4,"3":15,"4":1,"5":1,"6":1,"7":1},"f":{"0":15,"1":4,"2":1,"3":1,"4":1,"5":1},"b":{},"meta":{"lastBranch":0,"lastFunction":6,"lastStatement":8,"seen":{"f:9:16:9:44":0,"s:11:15:11:Infinity":0,"s:14:8:16:Infinity":1,"f:14:8:14:23":1,"s:15:4:15:Infinity":2,"s:18:2:44:Infinity":3,"f:25:77:25:92":2,"s:25:92:25:115":4,"f:33:75:33:90":3,"s:33:90:33:113":5,"f:36:73:36:88":4,"s:36:88:36:113":6,"f:39:78:39:93":5,"s:39:93:39:114":7},"fnNames":{}}}
,"/Users/dmitrisnytkine/projects/cmdrest-web/src/components/Layout.tsx": {"path":"/Users/dmitrisnytkine/projects/cmdrest-web/src/components/Layout.tsx","statementMap":{"0":{"start":{"line":20,"column":8},"end":{"line":20,"column":null}},"1":{"start":{"line":23,"column":2},"end":{"line":28,"column":null}},"2":{"start":{"line":25,"column":4},"end":{"line":25,"column":null}},"3":{"start":{"line":27,"column":4},"end":{"line":27,"column":null}},"4":{"start":{"line":30,"column":2},"end":{"line":40,"column":null}}},"fnMap":{"0":{"name":"Layout","decl":{"start":{"line":19,"column":16},"end":{"line":19,"column":44}},"loc":{"start":{"line":19,"column":44},"end":{"line":42,"column":null}},"line":19},"1":{"name":"(anonymous_1)","decl":{"start":{"line":23,"column":2},"end":{"line":23,"column":18}},"loc":{"start":{"line":23,"column":18},"end":{"line":28,"column":5}},"line":23}},"branchMap":{},"s":{"0":11,"1":11,"2":11,"3":11,"4":11},"f":{"0":11,"1":11},"b":{},"meta":{"lastBranch":0,"lastFunction":2,"lastStatement":5,"seen":{"f:19:16:19:44":0,"s:20:8:20:Infinity":0,"s:23:2:28:Infinity":1,"f:23:2:23:18":1,"s:25:4:25:Infinity":2,"s:27:4:27:Infinity":3,"s:30:2:40:Infinity":4},"fnNames":{}}}
,"/Users/dmitrisnytkine/projects/cmdrest-web/src/components/NavBar.tsx": {"path":"/Users/dmitrisnytkine/projects/cmdrest-web/src/components/NavBar.tsx","statementMap":{"0":{"start":{"line":16,"column":2},"end":{"line":28,"column":null}},"1":{"start":{"line":35,"column":19},"end":{"line":35,"column":null}},"2":{"start":{"line":38,"column":8},"end":{"line":43,"column":null}},"3":{"start":{"line":39,"column":4},"end":{"line":42,"column":null}},"4":{"start":{"line":40,"column":6},"end":{"line":40,"column":null}},"5":{"start":{"line":41,"column":6},"end":{"line":41,"column":null}},"6":{"start":{"line":46,"column":8},"end":{"line":49,"column":null}},"7":{"start":{"line":47,"column":4},"end":{"line":47,"column":null}},"8":{"start":{"line":48,"column":4},"end":{"line":48,"column":null}},"9":{"start":{"line":51,"column":2},"end":{"line":104,"column":null}},"10":{"start":{"line":54,"column":62},"end":{"line":54,"column":null}},"11":{"start":{"line":80,"column":12},"end":{"line":91,"column":null}},"12":{"start":{"line":86,"column":16},"end":{"line":86,"column":null}},"13":{"start":{"line":88,"column":29},"end":{"line":88,"column":null}},"14":{"start":{"line":98,"column":12},"end":{"line":98,"column":null}}},"fnMap":{"0":{"name":"LogoMark","decl":{"start":{"line":15,"column":9},"end":{"line":15,"column":39}},"loc":{"start":{"line":15,"column":39},"end":{"line":30,"column":null}},"line":15},"1":{"name":"NavBar","decl":{"start":{"line":33,"column":16},"end":{"line":33,"column":44}},"loc":{"start":{"line":33,"column":44},"end":{"line":106,"column":null}},"line":33},"2":{"name":"(anonymous_2)","decl":{"start":{"line":38,"column":8},"end":{"line":38,"column":35}},"loc":{"start":{"line":38,"column":35},"end":{"line":43,"column":null}},"line":38},"3":{"name":"(anonymous_3)","decl":{"start":{"line":39,"column":4},"end":{"line":39,"column":17}},"loc":{"start":{"line":39,"column":26},"end":{"line":42,"column":5}},"line":39},"4":{"name":"(anonymous_4)","decl":{"start":{"line":46,"column":8},"end":{"line":46,"column":26}},"loc":{"start":{"line":46,"column":50},"end":{"line":49,"column":null}},"line":46},"5":{"name":"(anonymous_5)","decl":{"start":{"line":54,"column":47},"end":{"line":54,"column":62}},"loc":{"start":{"line":54,"column":62},"end":{"line":54,"column":null}},"line":54},"6":{"name":"(anonymous_6)","decl":{"start":{"line":79,"column":20},"end":{"line":79,"column":25}},"loc":{"start":{"line":80,"column":12},"end":{"line":91,"column":null}},"line":80},"7":{"name":"(anonymous_7)","decl":{"start":{"line":85,"column":14},"end":{"line":85,"column":26}},"loc":{"start":{"line":86,"column":16},"end":{"line":86,"column":null}},"line":86},"8":{"name":"(anonymous_8)","decl":{"start":{"line":88,"column":14},"end":{"line":88,"column":29}},"loc":{"start":{"line":88,"column":29},"end":{"line":88,"column":null}},"line":88},"9":{"name":"(anonymous_9)","decl":{"start":{"line":98,"column":12},"end":{"line":98,"column":27}},"loc":{"start":{"line":98,"column":12},"end":{"line":98,"column":null}},"line":98}},"branchMap":{"0":{"loc":{"start":{"line":65,"column":22},"end":{"line":65,"column":null}},"type":"cond-expr","locations":[{"start":{"line":65,"column":33},"end":{"line":65,"column":48}},{"start":{"line":65,"column":48},"end":{"line":65,"column":null}}],"line":65},"1":{"loc":{"start":{"line":70,"column":13},"end":{"line":70,"column":null}},"type":"cond-expr","locations":[{"start":{"line":70,"column":24},"end":{"line":70,"column":61}},{"start":{"line":70,"column":60},"end":{"line":70,"column":null}}],"line":70},"2":{"loc":{"start":{"line":76,"column":37},"end":{"line":76,"column":null}},"type":"cond-expr","locations":[{"start":{"line":76,"column":48},"end":{"line":76,"column":73}},{"start":{"line":76,"column":73},"end":{"line":76,"column":null}}],"line":76},"3":{"loc":{"start":{"line":86,"column":31},"end":{"line":86,"column":null}},"type":"cond-expr","locations":[{"start":{"line":86,"column":42},"end":{"line":86,"column":68}},{"start":{"line":86,"column":68},"end":{"line":86,"column":null}}],"line":86}},"s":{"0":24,"1":28,"2":28,"3":4,"4":4,"5":4,"6":28,"7":7,"8":7,"9":28,"10":1,"11":112,"12":108,"13":6,"14":1},"f":{"0":24,"1":28,"2":4,"3":4,"4":7,"5":1,"6":112,"7":108,"8":6,"9":1},"b":{"0":[3,25],"1":[3,25],"2":[3,25],"3":[26,82]},"meta":{"lastBranch":4,"lastFunction":10,"lastStatement":15,"seen":{"f:15:9:15:39":0,"s:16:2:28:Infinity":0,"f:33:16:33:44":1,"s:35:19:35:Infinity":1,"s:38:8:43:Infinity":2,"f:38:8:38:35":2,"s:39:4:42:Infinity":3,"f:39:4:39:17":3,"s:40:6:40:Infinity":4,"s:41:6:41:Infinity":5,"s:46:8:49:Infinity":6,"f:46:8:46:26":4,"s:47:4:47:Infinity":7,"s:48:4:48:Infinity":8,"s:51:2:104:Infinity":9,"f:54:47:54:62":5,"s:54:62:54:Infinity":10,"b:65:33:65:48:65:48:65:Infinity":0,"b:70:24:70:61:70:60:70:Infinity":1,"b:76:48:76:73:76:73:76:Infinity":2,"f:79:20:79:25":6,"s:80:12:91:Infinity":11,"f:85:14:85:26":7,"s:86:16:86:Infinity":12,"b:86:42:86:68:86:68:86:Infinity":3,"f:88:14:88:29":8,"s:88:29:88:Infinity":13,"f:98:12:98:27":9,"s:98:12:98:Infinity":14},"fnNames":{}}}
,"/Users/dmitrisnytkine/projects/cmdrest-web/src/components/SectionHeading.tsx": {"path":"/Users/dmitrisnytkine/projects/cmdrest-web/src/components/SectionHeading.tsx","statementMap":{"0":{"start":{"line":18,"column":2},"end":{"line":23,"column":null}}},"fnMap":{"0":{"name":"SectionHeading","decl":{"start":{"line":17,"column":16},"end":{"line":17,"column":31}},"loc":{"start":{"line":17,"column":97},"end":{"line":25,"column":null}},"line":17}},"branchMap":{"0":{"loc":{"start":{"line":22,"column":7},"end":{"line":22,"column":null}},"type":"binary-expr","locations":[{"start":{"line":22,"column":7},"end":{"line":22,"column":29}},{"start":{"line":22,"column":29},"end":{"line":22,"column":null}}],"line":22}},"s":{"0":31},"f":{"0":31},"b":{"0":[31,30]},"meta":{"lastBranch":1,"lastFunction":1,"lastStatement":1,"seen":{"f:17:16:17:31":0,"s:18:2:23:Infinity":0,"b:22:7:22:29:22:29:22:Infinity":0},"fnNames":{}}}
,"/Users/dmitrisnytkine/projects/cmdrest-web/src/components/TechBackground.tsx": {"path":"/Users/dmitrisnytkine/projects/cmdrest-web/src/components/TechBackground.tsx","statementMap":{"0":{"start":{"line":13,"column":2},"end":{"line":21,"column":null}},"1":{"start":{"line":27,"column":2},"end":{"line":48,"column":null}},"2":{"start":{"line":54,"column":2},"end":{"line":74,"column":null}},"3":{"start":{"line":80,"column":2},"end":{"line":85,"column":null}}},"fnMap":{"0":{"name":"GridPattern","decl":{"start":{"line":12,"column":9},"end":{"line":12,"column":42}},"loc":{"start":{"line":12,"column":42},"end":{"line":23,"column":null}},"line":12},"1":{"name":"ArchitectureDiagram","decl":{"start":{"line":26,"column":9},"end":{"line":26,"column":50}},"loc":{"start":{"line":26,"column":50},"end":{"line":50,"column":null}},"line":26},"2":{"name":"PipelineDiagram","decl":{"start":{"line":53,"column":9},"end":{"line":53,"column":46}},"loc":{"start":{"line":53,"column":46},"end":{"line":76,"column":null}},"line":53},"3":{"name":"TechBackground","decl":{"start":{"line":79,"column":16},"end":{"line":79,"column":52}},"loc":{"start":{"line":79,"column":52},"end":{"line":87,"column":null}},"line":79}},"branchMap":{},"s":{"0":12,"1":12,"2":12,"3":12},"f":{"0":12,"1":12,"2":12,"3":12},"b":{},"meta":{"lastBranch":0,"lastFunction":4,"lastStatement":4,"seen":{"f:12:9:12:42":0,"s:13:2:21:Infinity":0,"f:26:9:26:50":1,"s:27:2:48:Infinity":1,"f:53:9:53:46":2,"s:54:2:74:Infinity":2,"f:79:16:79:52":3,"s:80:2:85:Infinity":3},"fnNames":{}}}
,"/Users/dmitrisnytkine/projects/cmdrest-web/src/content/downloads.ts": {"path":"/Users/dmitrisnytkine/projects/cmdrest-web/src/content/downloads.ts","statementMap":{"0":{"start":{"line":24,"column":58},"end":{"line":43,"column":null}}},"fnMap":{},"branchMap":{},"s":{"0":3},"f":{},"b":{},"meta":{"lastBranch":0,"lastFunction":0,"lastStatement":1,"seen":{"s:24:58:43:Infinity":0},"fnNames":{}}}
,"/Users/dmitrisnytkine/projects/cmdrest-web/src/content/features.ts": {"path":"/Users/dmitrisnytkine/projects/cmdrest-web/src/content/features.ts","statementMap":{"0":{"start":{"line":54,"column":44},"end":{"line":197,"column":null}},"1":{"start":{"line":205,"column":2},"end":{"line":205,"column":null}},"2":{"start":{"line":205,"column":38},"end":{"line":205,"column":64}},"3":{"start":{"line":214,"column":18},"end":{"line":214,"column":null}},"4":{"start":{"line":215,"column":2},"end":{"line":223,"column":null}},"5":{"start":{"line":217,"column":19},"end":{"line":217,"column":null}},"6":{"start":{"line":218,"column":4},"end":{"line":222,"column":null}},"7":{"start":{"line":219,"column":6},"end":{"line":219,"column":null}},"8":{"start":{"line":221,"column":6},"end":{"line":221,"column":null}},"9":{"start":{"line":224,"column":2},"end":{"line":224,"column":null}}},"fnMap":{"0":{"name":"getHighlightedFeatures","decl":{"start":{"line":204,"column":16},"end":{"line":204,"column":61}},"loc":{"start":{"line":204,"column":61},"end":{"line":206,"column":null}},"line":204},"1":{"name":"(anonymous_1)","decl":{"start":{"line":205,"column":18},"end":{"line":205,"column":26}},"loc":{"start":{"line":205,"column":38},"end":{"line":205,"column":64}},"line":205},"2":{"name":"groupFeaturesByCategory","decl":{"start":{"line":213,"column":16},"end":{"line":213,"column":83}},"loc":{"start":{"line":213,"column":83},"end":{"line":225,"column":null}},"line":213}},"branchMap":{"0":{"loc":{"start":{"line":218,"column":4},"end":{"line":222,"column":null}},"type":"if","locations":[{"start":{"line":218,"column":4},"end":{"line":222,"column":null}},{"start":{"line":220,"column":11},"end":{"line":222,"column":null}}],"line":218}},"s":{"0":4,"1":14,"2":238,"3":6,"4":6,"5":102,"6":102,"7":72,"8":30,"9":6},"f":{"0":14,"1":238,"2":6},"b":{"0":[72,30]},"meta":{"lastBranch":1,"lastFunction":3,"lastStatement":10,"seen":{"s:54:44:197:Infinity":0,"f:204:16:204:61":0,"s:205:2:205:Infinity":1,"f:205:18:205:26":1,"s:205:38:205:64":2,"f:213:16:213:83":2,"s:214:18:214:Infinity":3,"s:215:2:223:Infinity":4,"s:217:19:217:Infinity":5,"b:218:4:222:Infinity:220:11:222:Infinity":0,"s:218:4:222:Infinity":6,"s:219:6:219:Infinity":7,"s:221:6:221:Infinity":8,"s:224:2:224:Infinity":9},"fnNames":{}}}
,"/Users/dmitrisnytkine/projects/cmdrest-web/src/content/site.ts": {"path":"/Users/dmitrisnytkine/projects/cmdrest-web/src/content/site.ts","statementMap":{"0":{"start":{"line":30,"column":30},"end":{"line":43,"column":null}},"1":{"start":{"line":54,"column":44},"end":{"line":59,"column":null}}},"fnMap":{},"branchMap":{},"s":{"0":5,"1":5},"f":{},"b":{},"meta":{"lastBranch":0,"lastFunction":0,"lastStatement":2,"seen":{"s:30:30:43:Infinity":0,"s:54:44:59:Infinity":1},"fnNames":{}}}
,"/Users/dmitrisnytkine/projects/cmdrest-web/src/content/snippets.ts": {"path":"/Users/dmitrisnytkine/projects/cmdrest-web/src/content/snippets.ts","statementMap":{"0":{"start":{"line":9,"column":27},"end":{"line":9,"column":null}},"1":{"start":{"line":35,"column":26},"end":{"line":35,"column":null}}},"fnMap":{},"branchMap":{},"s":{"0":2,"1":2},"f":{},"b":{},"meta":{"lastBranch":0,"lastFunction":0,"lastStatement":2,"seen":{"s:9:27:9:Infinity":0,"s:35:26:35:Infinity":1},"fnNames":{}}}
,"/Users/dmitrisnytkine/projects/cmdrest-web/src/logging/index.ts": {"path":"/Users/dmitrisnytkine/projects/cmdrest-web/src/logging/index.ts","statementMap":{},"fnMap":{},"branchMap":{},"s":{},"f":{},"b":{},"meta":{"lastBranch":0,"lastFunction":0,"lastStatement":0,"seen":{},"fnNames":{}}}
,"/Users/dmitrisnytkine/projects/cmdrest-web/src/logging/logger.ts": {"path":"/Users/dmitrisnytkine/projects/cmdrest-web/src/logging/logger.ts","statementMap":{"0":{"start":{"line":24,"column":19},"end":{"line":24,"column":null}},"1":{"start":{"line":27,"column":45},"end":{"line":27,"column":null}},"2":{"start":{"line":34,"column":2},"end":{"line":34,"column":null}},"3":{"start":{"line":44,"column":27},"end":{"line":44,"column":null}},"4":{"start":{"line":47,"column":18},"end":{"line":47,"column":null}},"5":{"start":{"line":48,"column":28},"end":{"line":56,"column":null}},"6":{"start":{"line":57,"column":2},"end":{"line":57,"column":null}},"7":{"start":{"line":65,"column":2},"end":{"line":69,"column":null}},"8":{"start":{"line":66,"column":4},"end":{"line":66,"column":null}},"9":{"start":{"line":68,"column":4},"end":{"line":68,"column":null}},"10":{"start":{"line":78,"column":2},"end":{"line":86,"column":null}},"11":{"start":{"line":79,"column":4},"end":{"line":85,"column":null}},"12":{"start":{"line":82,"column":6},"end":{"line":82,"column":null}},"13":{"start":{"line":94,"column":0},"end":{"line":102,"column":null}},"14":{"start":{"line":97,"column":4},"end":{"line":97,"column":null}},"15":{"start":{"line":98,"column":30},"end":{"line":98,"column":null}},"16":{"start":{"line":99,"column":2},"end":{"line":101,"column":null}},"17":{"start":{"line":100,"column":4},"end":{"line":100,"column":null}},"18":{"start":{"line":107,"column":0},"end":{"line":107,"column":null}},"19":{"start":{"line":108,"column":0},"end":{"line":108,"column":null}},"20":{"start":{"line":112,"column":0},"end":{"line":112,"column":null}},"21":{"start":{"line":119,"column":2},"end":{"line":119,"column":null}},"22":{"start":{"line":128,"column":2},"end":{"line":128,"column":null}},"23":{"start":{"line":133,"column":2},"end":{"line":133,"column":null}},"24":{"start":{"line":138,"column":2},"end":{"line":138,"column":null}},"25":{"start":{"line":146,"column":2},"end":{"line":146,"column":null}},"26":{"start":{"line":148,"column":2},"end":{"line":150,"column":null}},"27":{"start":{"line":149,"column":4},"end":{"line":149,"column":null}},"28":{"start":{"line":154,"column":26},"end":{"line":154,"column":null}},"29":{"start":{"line":161,"column":2},"end":{"line":165,"column":null}},"30":{"start":{"line":162,"column":4},"end":{"line":162,"column":null}},"31":{"start":{"line":164,"column":4},"end":{"line":164,"column":null}},"32":{"start":{"line":170,"column":2},"end":{"line":170,"column":null}}},"fnMap":{"0":{"name":"isLogLevelName","decl":{"start":{"line":33,"column":9},"end":{"line":33,"column":24}},"loc":{"start":{"line":33,"column":62},"end":{"line":35,"column":null}},"line":33},"1":{"name":"buildRecord","decl":{"start":{"line":43,"column":16},"end":{"line":43,"column":28}},"loc":{"start":{"line":43,"column":97},"end":{"line":58,"column":null}},"line":43},"2":{"name":"safeStringify","decl":{"start":{"line":64,"column":9},"end":{"line":64,"column":23}},"loc":{"start":{"line":64,"column":47},"end":{"line":70,"column":null}},"line":64},"3":{"name":"dispatch","decl":{"start":{"line":77,"column":9},"end":{"line":77,"column":18}},"loc":{"start":{"line":77,"column":43},"end":{"line":87,"column":null}},"line":77},"4":{"name":"(anonymous_4)","decl":{"start":{"line":94,"column":4},"end":{"line":94,"column":21}},"loc":{"start":{"line":94,"column":56},"end":{"line":102,"column":null}},"line":94},"5":{"name":"(anonymous_5)","decl":{"start":{"line":99,"column":2},"end":{"line":99,"column":10}},"loc":{"start":{"line":99,"column":33},"end":{"line":101,"column":null}},"line":99},"6":{"name":"getLogger","decl":{"start":{"line":118,"column":16},"end":{"line":118,"column":26}},"loc":{"start":{"line":118,"column":52},"end":{"line":120,"column":null}},"line":118},"7":{"name":"addTransport","decl":{"start":{"line":127,"column":16},"end":{"line":127,"column":29}},"loc":{"start":{"line":127,"column":60},"end":{"line":129,"column":null}},"line":127},"8":{"name":"removeTransport","decl":{"start":{"line":132,"column":16},"end":{"line":132,"column":32}},"loc":{"start":{"line":132,"column":55},"end":{"line":134,"column":null}},"line":132},"9":{"name":"getTransportNames","decl":{"start":{"line":137,"column":16},"end":{"line":137,"column":46}},"loc":{"start":{"line":137,"column":46},"end":{"line":139,"column":null}},"line":137},"10":{"name":"setGlobalLevel","decl":{"start":{"line":145,"column":16},"end":{"line":145,"column":31}},"loc":{"start":{"line":145,"column":58},"end":{"line":151,"column":null}},"line":145},"11":{"name":"logInteraction","decl":{"start":{"line":160,"column":16},"end":{"line":160,"column":31}},"loc":{"start":{"line":160,"column":85},"end":{"line":166,"column":null}},"line":160},"12":{"name":"logPageView","decl":{"start":{"line":169,"column":16},"end":{"line":169,"column":28}},"loc":{"start":{"line":169,"column":48},"end":{"line":171,"column":null}},"line":169}},"branchMap":{"0":{"loc":{"start":{"line":47,"column":18},"end":{"line":47,"column":null}},"type":"cond-expr","locations":[{"start":{"line":47,"column":46},"end":{"line":47,"column":54}},{"start":{"line":47,"column":54},"end":{"line":47,"column":null}}],"line":47},"1":{"loc":{"start":{"line":55,"column":8},"end":{"line":55,"column":null}},"type":"cond-expr","locations":[{"start":{"line":55,"column":28},"end":{"line":55,"column":48}},{"start":{"line":55,"column":48},"end":{"line":55,"column":null}}],"line":55},"2":{"loc":{"start":{"line":55,"column":48},"end":{"line":55,"column":null}},"type":"cond-expr","locations":[{"start":{"line":55,"column":66},"end":{"line":55,"column":83}},{"start":{"line":55,"column":83},"end":{"line":55,"column":null}}],"line":55},"3":{"loc":{"start":{"line":66,"column":11},"end":{"line":66,"column":null}},"type":"binary-expr","locations":[{"start":{"line":66,"column":11},"end":{"line":66,"column":36}},{"start":{"line":66,"column":36},"end":{"line":66,"column":null}}],"line":66},"4":{"loc":{"start":{"line":97,"column":4},"end":{"line":97,"column":null}},"type":"cond-expr","locations":[{"start":{"line":97,"column":37},"end":{"line":97,"column":50}},{"start":{"line":97,"column":50},"end":{"line":97,"column":null}}],"line":97},"5":{"loc":{"start":{"line":97,"column":50},"end":{"line":97,"column":null}},"type":"cond-expr","locations":[{"start":{"line":97,"column":77},"end":{"line":97,"column":86}},{"start":{"line":97,"column":86},"end":{"line":97,"column":null}}],"line":97},"6":{"loc":{"start":{"line":98,"column":30},"end":{"line":98,"column":null}},"type":"cond-expr","locations":[{"start":{"line":98,"column":59},"end":{"line":98,"column":72}},{"start":{"line":98,"column":72},"end":{"line":98,"column":null}}],"line":98},"7":{"loc":{"start":{"line":107,"column":20},"end":{"line":107,"column":59}},"type":"cond-expr","locations":[{"start":{"line":107,"column":43},"end":{"line":107,"column":53}},{"start":{"line":107,"column":53},"end":{"line":107,"column":59}}],"line":107},"8":{"loc":{"start":{"line":161,"column":2},"end":{"line":165,"column":null}},"type":"if","locations":[{"start":{"line":161,"column":2},"end":{"line":165,"column":null}},{"start":{"line":163,"column":9},"end":{"line":165,"column":null}}],"line":161}},"s":{"0":5,"1":5,"2":470,"3":48,"4":48,"5":48,"6":48,"7":2,"8":2,"9":1,"10":42,"11":40,"12":40,"13":5,"14":470,"15":470,"16":470,"17":42,"18":5,"19":5,"20":5,"21":4,"22":50,"23":73,"24":2,"25":27,"26":27,"27":56,"28":5,"29":27,"30":26,"31":1,"32":12},"f":{"0":470,"1":48,"2":2,"3":42,"4":470,"5":42,"6":4,"7":50,"8":73,"9":2,"10":27,"11":27,"12":12},"b":{"0":[46,2],"1":[40,8],"2":[1,7],"3":[2,0],"4":[299,171],"5":[171,0],"6":[470,0],"7":[5,0],"8":[26,1]},"meta":{"lastBranch":9,"lastFunction":13,"lastStatement":33,"seen":{"s:24:19:24:Infinity":0,"s:27:45:27:Infinity":1,"f:33:9:33:24":0,"s:34:2:34:Infinity":2,"f:43:16:43:28":1,"s:44:27:44:Infinity":3,"s:47:18:47:Infinity":4,"b:47:46:47:54:47:54:47:Infinity":0,"s:48:28:56:Infinity":5,"b:55:28:55:48:55:48:55:Infinity":1,"b:55:66:55:83:55:83:55:Infinity":2,"s:57:2:57:Infinity":6,"f:64:9:64:23":2,"s:65:2:69:Infinity":7,"s:66:4:66:Infinity":8,"b:66:11:66:36:66:36:66:Infinity":3,"s:68:4:68:Infinity":9,"f:77:9:77:18":3,"s:78:2:86:Infinity":10,"s:79:4:85:Infinity":11,"s:82:6:82:Infinity":12,"s:94:0:102:Infinity":13,"f:94:4:94:21":4,"s:97:4:97:Infinity":14,"b:97:37:97:50:97:50:97:Infinity":4,"b:97:77:97:86:97:86:97:Infinity":5,"s:98:30:98:Infinity":15,"b:98:59:98:72:98:72:98:Infinity":6,"s:99:2:101:Infinity":16,"f:99:2:99:10":5,"s:100:4:100:Infinity":17,"s:107:0:107:Infinity":18,"b:107:43:107:53:107:53:107:59":7,"s:108:0:108:Infinity":19,"s:112:0:112:Infinity":20,"f:118:16:118:26":6,"s:119:2:119:Infinity":21,"f:127:16:127:29":7,"s:128:2:128:Infinity":22,"f:132:16:132:32":8,"s:133:2:133:Infinity":23,"f:137:16:137:46":9,"s:138:2:138:Infinity":24,"f:145:16:145:31":10,"s:146:2:146:Infinity":25,"s:148:2:150:Infinity":26,"s:149:4:149:Infinity":27,"s:154:26:154:Infinity":28,"f:160:16:160:31":11,"b:161:2:165:Infinity:163:9:165:Infinity":8,"s:161:2:165:Infinity":29,"s:162:4:162:Infinity":30,"s:164:4:164:Infinity":31,"f:169:16:169:28":12,"s:170:2:170:Infinity":32},"fnNames":{}}}
,"/Users/dmitrisnytkine/projects/cmdrest-web/src/logging/types.ts": {"path":"/Users/dmitrisnytkine/projects/cmdrest-web/src/logging/types.ts","statementMap":{},"fnMap":{},"branchMap":{},"s":{},"f":{},"b":{},"meta":{"lastBranch":0,"lastFunction":0,"lastStatement":0,"seen":{},"fnNames":{}}}
,"/Users/dmitrisnytkine/projects/cmdrest-web/src/logging/transports/consoleTransport.ts": {"path":"/Users/dmitrisnytkine/projects/cmdrest-web/src/logging/transports/consoleTransport.ts","statementMap":{"0":{"start":{"line":15,"column":82},"end":{"line":21,"column":null}},"1":{"start":{"line":25,"column":25},"end":{"line":25,"column":null}},"2":{"start":{"line":30,"column":17},"end":{"line":30,"column":null}},"3":{"start":{"line":31,"column":19},"end":{"line":31,"column":null}},"4":{"start":{"line":33,"column":19},"end":{"line":33,"column":null}},"5":{"start":{"line":36,"column":4},"end":{"line":40,"column":null}},"6":{"start":{"line":37,"column":6},"end":{"line":37,"column":null}},"7":{"start":{"line":39,"column":6},"end":{"line":39,"column":null}}},"fnMap":{"0":{"name":"write","decl":{"start":{"line":28,"column":2},"end":{"line":28,"column":9}},"loc":{"start":{"line":28,"column":40},"end":{"line":41,"column":null}},"line":28}},"branchMap":{"0":{"loc":{"start":{"line":36,"column":4},"end":{"line":40,"column":null}},"type":"if","locations":[{"start":{"line":36,"column":4},"end":{"line":40,"column":null}},{"start":{"line":38,"column":11},"end":{"line":40,"column":null}}],"line":36}},"s":{"0":6,"1":25,"2":20,"3":20,"4":20,"5":20,"6":14,"7":6},"f":{"0":20},"b":{"0":[14,6]},"meta":{"lastBranch":1,"lastFunction":1,"lastStatement":8,"seen":{"s:15:82:21:Infinity":0,"s:25:25:25:Infinity":1,"f:28:2:28:9":0,"s:30:17:30:Infinity":2,"s:31:19:31:Infinity":3,"s:33:19:33:Infinity":4,"b:36:4:40:Infinity:38:11:40:Infinity":0,"s:36:4:40:Infinity":5,"s:37:6:37:Infinity":6,"s:39:6:39:Infinity":7},"fnNames":{}}}
,"/Users/dmitrisnytkine/projects/cmdrest-web/src/logging/transports/indexedDbTransport.ts": {"path":"/Users/dmitrisnytkine/projects/cmdrest-web/src/logging/transports/indexedDbTransport.ts","statementMap":{"0":{"start":{"line":22,"column":25},"end":{"line":22,"column":null}},"1":{"start":{"line":27,"column":57},"end":{"line":27,"column":null}},"2":{"start":{"line":29,"column":21},"end":{"line":29,"column":null}},"3":{"start":{"line":32,"column":4},"end":{"line":32,"column":null}},"4":{"start":{"line":33,"column":4},"end":{"line":33,"column":null}},"5":{"start":{"line":38,"column":4},"end":{"line":40,"column":null}},"6":{"start":{"line":39,"column":6},"end":{"line":39,"column":null}},"7":{"start":{"line":41,"column":4},"end":{"line":48,"column":null}},"8":{"start":{"line":42,"column":17},"end":{"line":42,"column":null}},"9":{"start":{"line":43,"column":6},"end":{"line":43,"column":null}},"10":{"start":{"line":43,"column":60},"end":{"line":43,"column":77}},"11":{"start":{"line":47,"column":6},"end":{"line":47,"column":null}},"12":{"start":{"line":53,"column":15},"end":{"line":53,"column":null}},"13":{"start":{"line":54,"column":4},"end":{"line":59,"column":null}},"14":{"start":{"line":55,"column":17},"end":{"line":55,"column":null}},"15":{"start":{"line":56,"column":22},"end":{"line":56,"column":null}},"16":{"start":{"line":57,"column":6},"end":{"line":57,"column":null}},"17":{"start":{"line":57,"column":32},"end":{"line":57,"column":null}},"18":{"start":{"line":58,"column":6},"end":{"line":58,"column":null}},"19":{"start":{"line":58,"column":30},"end":{"line":58,"column":null}},"20":{"start":{"line":64,"column":15},"end":{"line":64,"column":null}},"21":{"start":{"line":65,"column":4},"end":{"line":65,"column":null}},"22":{"start":{"line":65,"column":58},"end":{"line":65,"column":71}},"23":{"start":{"line":73,"column":4},"end":{"line":90,"column":null}},"24":{"start":{"line":74,"column":6},"end":{"line":89,"column":null}},"25":{"start":{"line":77,"column":8},"end":{"line":80,"column":null}},"26":{"start":{"line":78,"column":10},"end":{"line":78,"column":null}},"27":{"start":{"line":79,"column":10},"end":{"line":79,"column":null}},"28":{"start":{"line":81,"column":24},"end":{"line":81,"column":null}},"29":{"start":{"line":82,"column":8},"end":{"line":86,"column":null}},"30":{"start":{"line":85,"column":10},"end":{"line":85,"column":null}},"31":{"start":{"line":87,"column":8},"end":{"line":87,"column":null}},"32":{"start":{"line":87,"column":34},"end":{"line":87,"column":null}},"33":{"start":{"line":88,"column":8},"end":{"line":88,"column":null}},"34":{"start":{"line":88,"column":32},"end":{"line":88,"column":null}},"35":{"start":{"line":91,"column":4},"end":{"line":91,"column":null}},"36":{"start":{"line":103,"column":4},"end":{"line":109,"column":null}},"37":{"start":{"line":104,"column":17},"end":{"line":104,"column":null}},"38":{"start":{"line":105,"column":6},"end":{"line":105,"column":null}},"39":{"start":{"line":106,"column":6},"end":{"line":106,"column":null}},"40":{"start":{"line":106,"column":28},"end":{"line":106,"column":null}},"41":{"start":{"line":107,"column":6},"end":{"line":107,"column":null}},"42":{"start":{"line":107,"column":25},"end":{"line":107,"column":null}},"43":{"start":{"line":108,"column":6},"end":{"line":108,"column":null}},"44":{"start":{"line":108,"column":25},"end":{"line":108,"column":null}}},"fnMap":{"0":{"name":"constructor","decl":{"start":{"line":31,"column":2},"end":{"line":31,"column":9}},"loc":{"start":{"line":31,"column":62},"end":{"line":34,"column":null}},"line":31},"1":{"name":"write","decl":{"start":{"line":37,"column":15},"end":{"line":37,"column":21}},"loc":{"start":{"line":37,"column":55},"end":{"line":49,"column":null}},"line":37},"2":{"name":"(anonymous_2)","decl":{"start":{"line":43,"column":36},"end":{"line":43,"column":50}},"loc":{"start":{"line":43,"column":60},"end":{"line":43,"column":77}},"line":43},"3":{"name":"readAll","decl":{"start":{"line":52,"column":15},"end":{"line":52,"column":47}},"loc":{"start":{"line":52,"column":47},"end":{"line":60,"column":null}},"line":52},"4":{"name":"(anonymous_4)","decl":{"start":{"line":54,"column":15},"end":{"line":54,"column":37}},"loc":{"start":{"line":54,"column":57},"end":{"line":59,"column":5}},"line":54},"5":{"name":"(anonymous_5)","decl":{"start":{"line":57,"column":14},"end":{"line":57,"column":32}},"loc":{"start":{"line":57,"column":32},"end":{"line":57,"column":null}},"line":57},"6":{"name":"(anonymous_6)","decl":{"start":{"line":58,"column":14},"end":{"line":58,"column":30}},"loc":{"start":{"line":58,"column":30},"end":{"line":58,"column":null}},"line":58},"7":{"name":"clear","decl":{"start":{"line":63,"column":15},"end":{"line":63,"column":38}},"loc":{"start":{"line":63,"column":38},"end":{"line":66,"column":null}},"line":63},"8":{"name":"(anonymous_8)","decl":{"start":{"line":65,"column":34},"end":{"line":65,"column":48}},"loc":{"start":{"line":65,"column":58},"end":{"line":65,"column":71}},"line":65},"9":{"name":"openDatabase","decl":{"start":{"line":72,"column":2},"end":{"line":72,"column":10}},"loc":{"start":{"line":72,"column":47},"end":{"line":92,"column":null}},"line":72},"10":{"name":"(anonymous_10)","decl":{"start":{"line":74,"column":33},"end":{"line":74,"column":55}},"loc":{"start":{"line":74,"column":75},"end":{"line":89,"column":7}},"line":74},"11":{"name":"(anonymous_11)","decl":{"start":{"line":82,"column":16},"end":{"line":82,"column":40}},"loc":{"start":{"line":82,"column":40},"end":{"line":86,"column":null}},"line":82},"12":{"name":"(anonymous_12)","decl":{"start":{"line":87,"column":16},"end":{"line":87,"column":34}},"loc":{"start":{"line":87,"column":34},"end":{"line":87,"column":null}},"line":87},"13":{"name":"(anonymous_13)","decl":{"start":{"line":88,"column":16},"end":{"line":88,"column":32}},"loc":{"start":{"line":88,"column":32},"end":{"line":88,"column":null}},"line":88},"14":{"name":"runTransaction","decl":{"start":{"line":98,"column":2},"end":{"line":98,"column":10}},"loc":{"start":{"line":102,"column":19},"end":{"line":110,"column":null}},"line":102},"15":{"name":"(anonymous_15)","decl":{"start":{"line":103,"column":15},"end":{"line":103,"column":30}},"loc":{"start":{"line":103,"column":50},"end":{"line":109,"column":5}},"line":103},"16":{"name":"(anonymous_16)","decl":{"start":{"line":106,"column":9},"end":{"line":106,"column":28}},"loc":{"start":{"line":106,"column":28},"end":{"line":106,"column":null}},"line":106},"17":{"name":"(anonymous_17)","decl":{"start":{"line":107,"column":9},"end":{"line":107,"column":25}},"loc":{"start":{"line":107,"column":25},"end":{"line":107,"column":null}},"line":107},"18":{"name":"(anonymous_18)","decl":{"start":{"line":108,"column":9},"end":{"line":108,"column":25}},"loc":{"start":{"line":108,"column":25},"end":{"line":108,"column":null}},"line":108}},"branchMap":{"0":{"loc":{"start":{"line":31,"column":21},"end":{"line":31,"column":62}},"type":"default-arg","locations":[{"start":{"line":31,"column":58},"end":{"line":31,"column":62}}],"line":31},"1":{"loc":{"start":{"line":32,"column":24},"end":{"line":32,"column":null}},"type":"binary-expr","locations":[{"start":{"line":32,"column":24},"end":{"line":32,"column":48}},{"start":{"line":32,"column":48},"end":{"line":32,"column":null}}],"line":32},"2":{"loc":{"start":{"line":33,"column":21},"end":{"line":33,"column":null}},"type":"binary-expr","locations":[{"start":{"line":33,"column":21},"end":{"line":33,"column":42}},{"start":{"line":33,"column":42},"end":{"line":33,"column":null}}],"line":33},"3":{"loc":{"start":{"line":38,"column":4},"end":{"line":40,"column":null}},"type":"if","locations":[{"start":{"line":38,"column":4},"end":{"line":40,"column":null}},{"start":{},"end":{}}],"line":38},"4":{"loc":{"start":{"line":58,"column":37},"end":{"line":58,"column":88}},"type":"binary-expr","locations":[{"start":{"line":58,"column":37},"end":{"line":58,"column":54}},{"start":{"line":58,"column":54},"end":{"line":58,"column":88}}],"line":58},"5":{"loc":{"start":{"line":73,"column":4},"end":{"line":90,"column":null}},"type":"if","locations":[{"start":{"line":73,"column":4},"end":{"line":90,"column":null}},{"start":{},"end":{}}],"line":73},"6":{"loc":{"start":{"line":77,"column":8},"end":{"line":80,"column":null}},"type":"if","locations":[{"start":{"line":77,"column":8},"end":{"line":80,"column":null}},{"start":{},"end":{}}],"line":77},"7":{"loc":{"start":{"line":88,"column":39},"end":{"line":88,"column":90}},"type":"binary-expr","locations":[{"start":{"line":88,"column":39},"end":{"line":88,"column":56}},{"start":{"line":88,"column":56},"end":{"line":88,"column":90}}],"line":88},"8":{"loc":{"start":{"line":107,"column":32},"end":{"line":107,"column":85}},"type":"binary-expr","locations":[{"start":{"line":107,"column":32},"end":{"line":107,"column":44}},{"start":{"line":107,"column":44},"end":{"line":107,"column":85}}],"line":107},"9":{"loc":{"start":{"line":108,"column":32},"end":{"line":108,"column":86}},"type":"binary-expr","locations":[{"start":{"line":108,"column":32},"end":{"line":108,"column":44}},{"start":{"line":108,"column":44},"end":{"line":108,"column":86}}],"line":108}},"s":{"0":4,"1":4,"2":4,"3":4,"4":4,"5":6,"6":1,"7":5,"8":5,"9":4,"10":4,"11":1,"12":3,"13":3,"14":3,"15":3,"16":3,"17":3,"18":3,"19":0,"20":1,"21":1,"22":1,"23":9,"24":4,"25":4,"26":1,"27":1,"28":3,"29":3,"30":3,"31":3,"32":3,"33":3,"34":0,"35":9,"36":5,"37":5,"38":5,"39":5,"40":5,"41":5,"42":0,"43":5,"44":0},"f":{"0":4,"1":6,"2":4,"3":3,"4":3,"5":3,"6":0,"7":1,"8":1,"9":9,"10":4,"11":3,"12":3,"13":0,"14":5,"15":5,"16":5,"17":0,"18":0},"b":{"0":[4],"1":[4,0],"2":[4,3],"3":[1,5],"4":[0,0],"5":[4,5],"6":[1,3],"7":[0,0],"8":[0,0],"9":[0,0]},"meta":{"lastBranch":10,"lastFunction":19,"lastStatement":45,"seen":{"s:22:25:22:Infinity":0,"s:27:57:27:Infinity":1,"s:29:21:29:Infinity":2,"f:31:2:31:9":0,"b:31:58:31:62":0,"s:32:4:32:Infinity":3,"b:32:24:32:48:32:48:32:Infinity":1,"s:33:4:33:Infinity":4,"b:33:21:33:42:33:42:33:Infinity":2,"f:37:15:37:21":1,"b:38:4:40:Infinity:undefined:undefined:undefined:undefined":3,"s:38:4:40:Infinity":5,"s:39:6:39:Infinity":6,"s:41:4:48:Infinity":7,"s:42:17:42:Infinity":8,"s:43:6:43:Infinity":9,"f:43:36:43:50":2,"s:43:60:43:77":10,"s:47:6:47:Infinity":11,"f:52:15:52:47":3,"s:53:15:53:Infinity":12,"s:54:4:59:Infinity":13,"f:54:15:54:37":4,"s:55:17:55:Infinity":14,"s:56:22:56:Infinity":15,"s:57:6:57:Infinity":16,"f:57:14:57:32":5,"s:57:32:57:Infinity":17,"s:58:6:58:Infinity":18,"f:58:14:58:30":6,"s:58:30:58:Infinity":19,"b:58:37:58:54:58:54:58:88":4,"f:63:15:63:38":7,"s:64:15:64:Infinity":20,"s:65:4:65:Infinity":21,"f:65:34:65:48":8,"s:65:58:65:71":22,"f:72:2:72:10":9,"b:73:4:90:Infinity:undefined:undefined:undefined:undefined":5,"s:73:4:90:Infinity":23,"s:74:6:89:Infinity":24,"f:74:33:74:55":10,"b:77:8:80:Infinity:undefined:undefined:undefined:undefined":6,"s:77:8:80:Infinity":25,"s:78:10:78:Infinity":26,"s:79:10:79:Infinity":27,"s:81:24:81:Infinity":28,"s:82:8:86:Infinity":29,"f:82:16:82:40":11,"s:85:10:85:Infinity":30,"s:87:8:87:Infinity":31,"f:87:16:87:34":12,"s:87:34:87:Infinity":32,"s:88:8:88:Infinity":33,"f:88:16:88:32":13,"s:88:32:88:Infinity":34,"b:88:39:88:56:88:56:88:90":7,"s:91:4:91:Infinity":35,"f:98:2:98:10":14,"s:103:4:109:Infinity":36,"f:103:15:103:30":15,"s:104:17:104:Infinity":37,"s:105:6:105:Infinity":38,"s:106:6:106:Infinity":39,"f:106:9:106:28":16,"s:106:28:106:Infinity":40,"s:107:6:107:Infinity":41,"f:107:9:107:25":17,"s:107:25:107:Infinity":42,"b:107:32:107:44:107:44:107:85":8,"s:108:6:108:Infinity":43,"f:108:9:108:25":18,"s:108:25:108:Infinity":44,"b:108:32:108:44:108:44:108:86":9},"fnNames":{}}}
,"/Users/dmitrisnytkine/projects/cmdrest-web/src/logging/transports/localStorageTransport.ts": {"path":"/Users/dmitrisnytkine/projects/cmdrest-web/src/logging/transports/localStorageTransport.ts","statementMap":{"0":{"start":{"line":22,"column":25},"end":{"line":22,"column":null}},"1":{"start":{"line":28,"column":4},"end":{"line":28,"column":null}},"2":{"start":{"line":29,"column":4},"end":{"line":29,"column":null}},"3":{"start":{"line":34,"column":4},"end":{"line":45,"column":null}},"4":{"start":{"line":35,"column":23},"end":{"line":35,"column":null}},"5":{"start":{"line":36,"column":6},"end":{"line":36,"column":null}},"6":{"start":{"line":40,"column":8},"end":{"line":40,"column":null}},"7":{"start":{"line":41,"column":6},"end":{"line":41,"column":null}},"8":{"start":{"line":53,"column":4},"end":{"line":63,"column":null}},"9":{"start":{"line":54,"column":18},"end":{"line":54,"column":null}},"10":{"start":{"line":55,"column":6},"end":{"line":57,"column":null}},"11":{"start":{"line":56,"column":8},"end":{"line":56,"column":null}},"12":{"start":{"line":58,"column":30},"end":{"line":58,"column":null}},"13":{"start":{"line":60,"column":6},"end":{"line":60,"column":null}},"14":{"start":{"line":62,"column":6},"end":{"line":62,"column":null}},"15":{"start":{"line":68,"column":4},"end":{"line":72,"column":null}},"16":{"start":{"line":69,"column":6},"end":{"line":69,"column":null}}},"fnMap":{"0":{"name":"constructor","decl":{"start":{"line":27,"column":2},"end":{"line":27,"column":9}},"loc":{"start":{"line":27,"column":65},"end":{"line":30,"column":null}},"line":27},"1":{"name":"write","decl":{"start":{"line":33,"column":2},"end":{"line":33,"column":9}},"loc":{"start":{"line":33,"column":40},"end":{"line":46,"column":null}},"line":33},"2":{"name":"read","decl":{"start":{"line":52,"column":2},"end":{"line":52,"column":9}},"loc":{"start":{"line":52,"column":29},"end":{"line":64,"column":null}},"line":52},"3":{"name":"clear","decl":{"start":{"line":67,"column":2},"end":{"line":67,"column":9}},"loc":{"start":{"line":67,"column":23},"end":{"line":73,"column":null}},"line":67}},"branchMap":{"0":{"loc":{"start":{"line":27,"column":21},"end":{"line":27,"column":65}},"type":"default-arg","locations":[{"start":{"line":27,"column":61},"end":{"line":27,"column":65}}],"line":27},"1":{"loc":{"start":{"line":28,"column":22},"end":{"line":28,"column":null}},"type":"binary-expr","locations":[{"start":{"line":28,"column":22},"end":{"line":28,"column":44}},{"start":{"line":28,"column":44},"end":{"line":28,"column":null}}],"line":28},"2":{"loc":{"start":{"line":29,"column":22},"end":{"line":29,"column":null}},"type":"binary-expr","locations":[{"start":{"line":29,"column":22},"end":{"line":29,"column":44}},{"start":{"line":29,"column":44},"end":{"line":29,"column":null}}],"line":29},"3":{"loc":{"start":{"line":40,"column":8},"end":{"line":40,"column":null}},"type":"cond-expr","locations":[{"start":{"line":40,"column":44},"end":{"line":40,"column":96}},{"start":{"line":40,"column":96},"end":{"line":40,"column":null}}],"line":40},"4":{"loc":{"start":{"line":55,"column":6},"end":{"line":57,"column":null}},"type":"if","locations":[{"start":{"line":55,"column":6},"end":{"line":57,"column":null}},{"start":{},"end":{}}],"line":55},"5":{"loc":{"start":{"line":60,"column":13},"end":{"line":60,"column":null}},"type":"cond-expr","locations":[{"start":{"line":60,"column":38},"end":{"line":60,"column":63}},{"start":{"line":60,"column":63},"end":{"line":60,"column":null}}],"line":60}},"s":{"0":7,"1":7,"2":7,"3":10,"4":10,"5":10,"6":10,"7":10,"8":15,"9":15,"10":15,"11":6,"12":9,"13":9,"14":1,"15":1,"16":1},"f":{"0":7,"1":10,"2":15,"3":1},"b":{"0":[7],"1":[7,6],"2":[7,6],"3":[2,8],"4":[6,9],"5":[7,1]},"meta":{"lastBranch":6,"lastFunction":4,"lastStatement":17,"seen":{"s:22:25:22:Infinity":0,"f:27:2:27:9":0,"b:27:61:27:65":0,"s:28:4:28:Infinity":1,"b:28:22:28:44:28:44:28:Infinity":1,"s:29:4:29:Infinity":2,"b:29:22:29:44:29:44:29:Infinity":2,"f:33:2:33:9":1,"s:34:4:45:Infinity":3,"s:35:23:35:Infinity":4,"s:36:6:36:Infinity":5,"s:40:8:40:Infinity":6,"b:40:44:40:96:40:96:40:Infinity":3,"s:41:6:41:Infinity":7,"f:52:2:52:9":2,"s:53:4:63:Infinity":8,"s:54:18:54:Infinity":9,"b:55:6:57:Infinity:undefined:undefined:undefined:undefined":4,"s:55:6:57:Infinity":10,"s:56:8:56:Infinity":11,"s:58:30:58:Infinity":12,"s:60:6:60:Infinity":13,"b:60:38:60:63:60:63:60:Infinity":5,"s:62:6:62:Infinity":14,"f:67:2:67:9":3,"s:68:4:72:Infinity":15,"s:69:6:69:Infinity":16},"fnNames":{}}}
,"/Users/dmitrisnytkine/projects/cmdrest-web/src/pages/DocsPage.tsx": {"path":"/Users/dmitrisnytkine/projects/cmdrest-web/src/pages/DocsPage.tsx","statementMap":{"0":{"start":{"line":12,"column":18},"end":{"line":34,"column":null}},"1":{"start":{"line":39,"column":8},"end":{"line":41,"column":null}},"2":{"start":{"line":40,"column":4},"end":{"line":40,"column":null}},"3":{"start":{"line":43,"column":2},"end":{"line":86,"column":null}},"4":{"start":{"line":58,"column":14},"end":{"line":74,"column":null}},"5":{"start":{"line":64,"column":31},"end":{"line":64,"column":null}}},"fnMap":{"0":{"name":"DocsPage","decl":{"start":{"line":37,"column":16},"end":{"line":37,"column":46}},"loc":{"start":{"line":37,"column":46},"end":{"line":88,"column":null}},"line":37},"1":{"name":"(anonymous_1)","decl":{"start":{"line":39,"column":8},"end":{"line":39,"column":22}},"loc":{"start":{"line":39,"column":43},"end":{"line":41,"column":null}},"line":39},"2":{"name":"(anonymous_2)","decl":{"start":{"line":57,"column":23},"end":{"line":57,"column":28}},"loc":{"start":{"line":58,"column":14},"end":{"line":74,"column":null}},"line":58},"3":{"name":"(anonymous_3)","decl":{"start":{"line":64,"column":16},"end":{"line":64,"column":31}},"loc":{"start":{"line":64,"column":31},"end":{"line":64,"column":null}},"line":64}},"branchMap":{},"s":{"0":2,"1":5,"2":1,"3":5,"4":15,"5":1},"f":{"0":5,"1":1,"2":15,"3":1},"b":{},"meta":{"lastBranch":0,"lastFunction":4,"lastStatement":6,"seen":{"s:12:18:34:Infinity":0,"f:37:16:37:46":0,"s:39:8:41:Infinity":1,"f:39:8:39:22":1,"s:40:4:40:Infinity":2,"s:43:2:86:Infinity":3,"f:57:23:57:28":2,"s:58:14:74:Infinity":4,"f:64:16:64:31":3,"s:64:31:64:Infinity":5},"fnNames":{}}}
,"/Users/dmitrisnytkine/projects/cmdrest-web/src/pages/DownloadPage.tsx": {"path":"/Users/dmitrisnytkine/projects/cmdrest-web/src/pages/DownloadPage.tsx","statementMap":{"0":{"start":{"line":11,"column":50},"end":{"line":24,"column":null}},"1":{"start":{"line":29,"column":8},"end":{"line":31,"column":null}},"2":{"start":{"line":30,"column":4},"end":{"line":30,"column":null}},"3":{"start":{"line":33,"column":2},"end":{"line":88,"column":null}},"4":{"start":{"line":49,"column":14},"end":{"line":71,"column":null}},"5":{"start":{"line":67,"column":33},"end":{"line":67,"column":null}}},"fnMap":{"0":{"name":"DownloadPage","decl":{"start":{"line":27,"column":16},"end":{"line":27,"column":50}},"loc":{"start":{"line":27,"column":50},"end":{"line":90,"column":null}},"line":27},"1":{"name":"(anonymous_1)","decl":{"start":{"line":29,"column":8},"end":{"line":29,"column":26}},"loc":{"start":{"line":29,"column":45},"end":{"line":31,"column":null}},"line":29},"2":{"name":"(anonymous_2)","decl":{"start":{"line":48,"column":29},"end":{"line":48,"column":34}},"loc":{"start":{"line":49,"column":14},"end":{"line":71,"column":null}},"line":49},"3":{"name":"(anonymous_3)","decl":{"start":{"line":67,"column":18},"end":{"line":67,"column":33}},"loc":{"start":{"line":67,"column":33},"end":{"line":67,"column":null}},"line":67}},"branchMap":{},"s":{"0":2,"1":5,"2":3,"3":5,"4":15,"5":3},"f":{"0":5,"1":3,"2":15,"3":3},"b":{},"meta":{"lastBranch":0,"lastFunction":4,"lastStatement":6,"seen":{"s:11:50:24:Infinity":0,"f:27:16:27:50":0,"s:29:8:31:Infinity":1,"f:29:8:29:26":1,"s:30:4:30:Infinity":2,"s:33:2:88:Infinity":3,"f:48:29:48:34":2,"s:49:14:71:Infinity":4,"f:67:18:67:33":3,"s:67:33:67:Infinity":5},"fnNames":{}}}
,"/Users/dmitrisnytkine/projects/cmdrest-web/src/pages/FeaturesPage.tsx": {"path":"/Users/dmitrisnytkine/projects/cmdrest-web/src/pages/FeaturesPage.tsx","statementMap":{"0":{"start":{"line":12,"column":8},"end":{"line":12,"column":null}},"1":{"start":{"line":14,"column":2},"end":{"line":45,"column":null}},"2":{"start":{"line":30,"column":12},"end":{"line":41,"column":null}},"3":{"start":{"line":38,"column":18},"end":{"line":38,"column":null}}},"fnMap":{"0":{"name":"FeaturesPage","decl":{"start":{"line":10,"column":16},"end":{"line":10,"column":50}},"loc":{"start":{"line":10,"column":50},"end":{"line":47,"column":null}},"line":10},"1":{"name":"(anonymous_1)","decl":{"start":{"line":29,"column":34},"end":{"line":29,"column":39}},"loc":{"start":{"line":30,"column":12},"end":{"line":41,"column":null}},"line":30},"2":{"name":"(anonymous_2)","decl":{"start":{"line":37,"column":34},"end":{"line":37,"column":39}},"loc":{"start":{"line":38,"column":18},"end":{"line":38,"column":null}},"line":38}},"branchMap":{},"s":{"0":4,"1":4,"2":20,"3":68},"f":{"0":4,"1":20,"2":68},"b":{},"meta":{"lastBranch":0,"lastFunction":3,"lastStatement":4,"seen":{"f:10:16:10:50":0,"s:12:8:12:Infinity":0,"s:14:2:45:Infinity":1,"f:29:34:29:39":1,"s:30:12:41:Infinity":2,"f:37:34:37:39":2,"s:38:18:38:Infinity":3},"fnNames":{}}}
,"/Users/dmitrisnytkine/projects/cmdrest-web/src/pages/HomePage.tsx": {"path":"/Users/dmitrisnytkine/projects/cmdrest-web/src/pages/HomePage.tsx","statementMap":{"0":{"start":{"line":20,"column":6},"end":{"line":22,"column":null}},"1":{"start":{"line":21,"column":2},"end":{"line":22,"column":null}},"2":{"start":{"line":21,"column":54},"end":{"line":22,"column":null}},"3":{"start":{"line":27,"column":8},"end":{"line":29,"column":null}},"4":{"start":{"line":28,"column":4},"end":{"line":28,"column":null}},"5":{"start":{"line":31,"column":2},"end":{"line":147,"column":null}},"6":{"start":{"line":48,"column":31},"end":{"line":48,"column":null}},"7":{"start":{"line":57,"column":31},"end":{"line":57,"column":null}},"8":{"start":{"line":88,"column":14},"end":{"line":88,"column":null}},"9":{"start":{"line":92,"column":48},"end":{"line":92,"column":75}},"10":{"start":{"line":130,"column":31},"end":{"line":130,"column":null}},"11":{"start":{"line":139,"column":31},"end":{"line":139,"column":null}}},"fnMap":{"0":{"name":"(anonymous_0)","decl":{"start":{"line":20,"column":21},"end":{"line":20,"column":null}},"loc":{"start":{"line":21,"column":2},"end":{"line":22,"column":null}},"line":21},"1":{"name":"(anonymous_1)","decl":{"start":{"line":21,"column":40},"end":{"line":21,"column":52}},"loc":{"start":{"line":21,"column":54},"end":{"line":22,"column":null}},"line":21},"2":{"name":"HomePage","decl":{"start":{"line":25,"column":16},"end":{"line":25,"column":46}},"loc":{"start":{"line":25,"column":46},"end":{"line":149,"column":null}},"line":25},"3":{"name":"(anonymous_3)","decl":{"start":{"line":27,"column":8},"end":{"line":27,"column":21}},"loc":{"start":{"line":27,"column":46},"end":{"line":29,"column":null}},"line":27},"4":{"name":"(anonymous_4)","decl":{"start":{"line":48,"column":16},"end":{"line":48,"column":31}},"loc":{"start":{"line":48,"column":31},"end":{"line":48,"column":null}},"line":48},"5":{"name":"(anonymous_5)","decl":{"start":{"line":57,"column":16},"end":{"line":57,"column":31}},"loc":{"start":{"line":57,"column":31},"end":{"line":57,"column":null}},"line":57},"6":{"name":"(anonymous_6)","decl":{"start":{"line":87,"column":38},"end":{"line":87,"column":43}},"loc":{"start":{"line":88,"column":14},"end":{"line":88,"column":null}},"line":88},"7":{"name":"(anonymous_7)","decl":{"start":{"line":92,"column":33},"end":{"line":92,"column":48}},"loc":{"start":{"line":92,"column":48},"end":{"line":92,"column":75}},"line":92},"8":{"name":"(anonymous_8)","decl":{"start":{"line":130,"column":16},"end":{"line":130,"column":31}},"loc":{"start":{"line":130,"column":31},"end":{"line":130,"column":null}},"line":130},"9":{"name":"(anonymous_9)","decl":{"start":{"line":139,"column":16},"end":{"line":139,"column":31}},"loc":{"start":{"line":139,"column":31},"end":{"line":139,"column":null}},"line":139}},"branchMap":{},"s":{"0":2,"1":2,"2":2,"3":12,"4":5,"5":12,"6":1,"7":1,"8":72,"9":1,"10":1,"11":1},"f":{"0":2,"1":2,"2":12,"3":5,"4":1,"5":1,"6":72,"7":1,"8":1,"9":1},"b":{},"meta":{"lastBranch":0,"lastFunction":10,"lastStatement":12,"seen":{"s:20:6:22:Infinity":0,"f:20:21:20:Infinity":0,"s:21:2:22:Infinity":1,"f:21:40:21:52":1,"s:21:54:22:Infinity":2,"f:25:16:25:46":2,"s:27:8:29:Infinity":3,"f:27:8:27:21":3,"s:28:4:28:Infinity":4,"s:31:2:147:Infinity":5,"f:48:16:48:31":4,"s:48:31:48:Infinity":6,"f:57:16:57:31":5,"s:57:31:57:Infinity":7,"f:87:38:87:43":6,"s:88:14:88:Infinity":8,"f:92:33:92:48":7,"s:92:48:92:75":9,"f:130:16:130:31":8,"s:130:31:130:Infinity":10,"f:139:16:139:31":9,"s:139:31:139:Infinity":11},"fnNames":{}}}
,"/Users/dmitrisnytkine/projects/cmdrest-web/src/pages/NotFoundPage.tsx": {"path":"/Users/dmitrisnytkine/projects/cmdrest-web/src/pages/NotFoundPage.tsx","statementMap":{"0":{"start":{"line":8,"column":25},"end":{"line":8,"column":null}},"1":{"start":{"line":15,"column":2},"end":{"line":26,"column":null}}},"fnMap":{"0":{"name":"NotFoundPage","decl":{"start":{"line":14,"column":16},"end":{"line":14,"column":50}},"loc":{"start":{"line":14,"column":50},"end":{"line":28,"column":null}},"line":14}},"branchMap":{},"s":{"0":2,"1":2},"f":{"0":2},"b":{},"meta":{"lastBranch":0,"lastFunction":1,"lastStatement":2,"seen":{"s:8:25:8:Infinity":0,"f:14:16:14:50":0,"s:15:2:26:Infinity":1},"fnNames":{}}}
,"/Users/dmitrisnytkine/projects/cmdrest-web/src/three/networkGraph.ts": {"path":"/Users/dmitrisnytkine/projects/cmdrest-web/src/three/networkGraph.ts","statementMap":{"0":{"start":{"line":29,"column":14},"end":{"line":29,"column":null}},"1":{"start":{"line":30,"column":2},"end":{"line":36,"column":null}},"2":{"start":{"line":32,"column":4},"end":{"line":32,"column":null}},"3":{"start":{"line":33,"column":12},"end":{"line":33,"column":null}},"4":{"start":{"line":34,"column":4},"end":{"line":34,"column":null}},"5":{"start":{"line":35,"column":4},"end":{"line":35,"column":null}},"6":{"start":{"line":52,"column":20},"end":{"line":52,"column":null}},"7":{"start":{"line":53,"column":2},"end":{"line":64,"column":null}},"8":{"start":{"line":53,"column":15},"end":{"line":53,"column":18}},"9":{"start":{"line":55,"column":14},"end":{"line":55,"column":null}},"10":{"start":{"line":56,"column":18},"end":{"line":56,"column":null}},"11":{"start":{"line":57,"column":19},"end":{"line":57,"column":null}},"12":{"start":{"line":60,"column":19},"end":{"line":60,"column":null}},"13":{"start":{"line":61,"column":4},"end":{"line":61,"column":null}},"14":{"start":{"line":62,"column":4},"end":{"line":62,"column":null}},"15":{"start":{"line":63,"column":4},"end":{"line":63,"column":null}},"16":{"start":{"line":65,"column":2},"end":{"line":65,"column":null}},"17":{"start":{"line":76,"column":20},"end":{"line":76,"column":null}},"18":{"start":{"line":77,"column":19},"end":{"line":77,"column":null}},"19":{"start":{"line":78,"column":41},"end":{"line":78,"column":null}},"20":{"start":{"line":80,"column":2},"end":{"line":104,"column":null}},"21":{"start":{"line":80,"column":15},"end":{"line":80,"column":18}},"22":{"start":{"line":82,"column":64},"end":{"line":82,"column":null}},"23":{"start":{"line":83,"column":4},"end":{"line":91,"column":null}},"24":{"start":{"line":83,"column":17},"end":{"line":83,"column":20}},"25":{"start":{"line":84,"column":6},"end":{"line":86,"column":null}},"26":{"start":{"line":85,"column":8},"end":{"line":85,"column":null}},"27":{"start":{"line":87,"column":12},"end":{"line":87,"column":null}},"28":{"start":{"line":88,"column":12},"end":{"line":88,"column":null}},"29":{"start":{"line":89,"column":12},"end":{"line":89,"column":null}},"30":{"start":{"line":90,"column":6},"end":{"line":90,"column":null}},"31":{"start":{"line":93,"column":4},"end":{"line":93,"column":null}},"32":{"start":{"line":93,"column":29},"end":{"line":93,"column":48}},"33":{"start":{"line":94,"column":4},"end":{"line":103,"column":null}},"34":{"start":{"line":96,"column":16},"end":{"line":96,"column":null}},"35":{"start":{"line":97,"column":16},"end":{"line":97,"column":null}},"36":{"start":{"line":98,"column":18},"end":{"line":98,"column":null}},"37":{"start":{"line":99,"column":6},"end":{"line":102,"column":null}},"38":{"start":{"line":100,"column":8},"end":{"line":100,"column":null}},"39":{"start":{"line":101,"column":8},"end":{"line":101,"column":null}},"40":{"start":{"line":105,"column":2},"end":{"line":105,"column":null}},"41":{"start":{"line":116,"column":27},"end":{"line":116,"column":null}},"42":{"start":{"line":117,"column":2},"end":{"line":122,"column":null}},"43":{"start":{"line":118,"column":4},"end":{"line":121,"column":null}},"44":{"start":{"line":118,"column":20},"end":{"line":118,"column":23}},"45":{"start":{"line":119,"column":6},"end":{"line":119,"column":null}},"46":{"start":{"line":120,"column":6},"end":{"line":120,"column":null}},"47":{"start":{"line":123,"column":2},"end":{"line":123,"column":null}},"48":{"start":{"line":133,"column":17},"end":{"line":133,"column":null}},"49":{"start":{"line":134,"column":24},"end":{"line":134,"column":null}},"50":{"start":{"line":135,"column":16},"end":{"line":135,"column":null}},"51":{"start":{"line":136,"column":24},"end":{"line":136,"column":null}},"52":{"start":{"line":137,"column":2},"end":{"line":137,"column":null}}},"fnMap":{"0":{"name":"createRandom","decl":{"start":{"line":28,"column":16},"end":{"line":28,"column":29}},"loc":{"start":{"line":28,"column":57},"end":{"line":37,"column":null}},"line":28},"1":{"name":"(anonymous_1)","decl":{"start":{"line":30,"column":2},"end":{"line":30,"column":15}},"loc":{"start":{"line":30,"column":15},"end":{"line":36,"column":null}},"line":30},"2":{"name":"generateNodePositions","decl":{"start":{"line":46,"column":16},"end":{"line":46,"column":null}},"loc":{"start":{"line":51,"column":16},"end":{"line":66,"column":null}},"line":51},"3":{"name":"buildNearestNeighborEdges","decl":{"start":{"line":72,"column":16},"end":{"line":72,"column":null}},"loc":{"start":{"line":75,"column":27},"end":{"line":106,"column":null}},"line":75},"4":{"name":"(anonymous_4)","decl":{"start":{"line":93,"column":14},"end":{"line":93,"column":20}},"loc":{"start":{"line":93,"column":29},"end":{"line":93,"column":48}},"line":93},"5":{"name":"buildEdgePositions","decl":{"start":{"line":112,"column":16},"end":{"line":112,"column":null}},"loc":{"start":{"line":115,"column":16},"end":{"line":124,"column":null}},"line":115},"6":{"name":"(anonymous_6)","decl":{"start":{"line":117,"column":8},"end":{"line":117,"column":17}},"loc":{"start":{"line":117,"column":39},"end":{"line":122,"column":3}},"line":117},"7":{"name":"generateNetworkGraph","decl":{"start":{"line":132,"column":16},"end":{"line":132,"column":37}},"loc":{"start":{"line":132,"column":88},"end":{"line":138,"column":null}},"line":132}},"branchMap":{"0":{"loc":{"start":{"line":49,"column":2},"end":{"line":49,"column":null}},"type":"default-arg","locations":[{"start":{"line":49,"column":16},"end":{"line":49,"column":null}}],"line":49},"1":{"loc":{"start":{"line":50,"column":2},"end":{"line":50,"column":null}},"type":"default-arg","locations":[{"start":{"line":50,"column":16},"end":{"line":50,"column":null}}],"line":50},"2":{"loc":{"start":{"line":74,"column":2},"end":{"line":74,"column":null}},"type":"default-arg","locations":[{"start":{"line":74,"column":21},"end":{"line":74,"column":null}}],"line":74},"3":{"loc":{"start":{"line":84,"column":6},"end":{"line":86,"column":null}},"type":"if","locations":[{"start":{"line":84,"column":6},"end":{"line":86,"column":null}},{"start":{},"end":{}}],"line":84},"4":{"loc":{"start":{"line":87,"column":18},"end":{"line":87,"column":48}},"type":"binary-expr","locations":[{"start":{"line":87,"column":18},"end":{"line":87,"column":42}},{"start":{"line":87,"column":42},"end":{"line":87,"column":48}}],"line":87},"5":{"loc":{"start":{"line":87,"column":48},"end":{"line":87,"column":null}},"type":"binary-expr","locations":[{"start":{"line":87,"column":48},"end":{"line":87,"column":72}},{"start":{"line":87,"column":72},"end":{"line":87,"column":null}}],"line":87},"6":{"loc":{"start":{"line":88,"column":18},"end":{"line":88,"column":52}},"type":"binary-expr","locations":[{"start":{"line":88,"column":18},"end":{"line":88,"column":46}},{"start":{"line":88,"column":46},"end":{"line":88,"column":52}}],"line":88},"7":{"loc":{"start":{"line":88,"column":52},"end":{"line":88,"column":null}},"type":"binary-expr","locations":[{"start":{"line":88,"column":52},"end":{"line":88,"column":80}},{"start":{"line":88,"column":80},"end":{"line":88,"column":null}}],"line":88},"8":{"loc":{"start":{"line":89,"column":18},"end":{"line":89,"column":52}},"type":"binary-expr","locations":[{"start":{"line":89,"column":18},"end":{"line":89,"column":46}},{"start":{"line":89,"column":46},"end":{"line":89,"column":52}}],"line":89},"9":{"loc":{"start":{"line":89,"column":52},"end":{"line":89,"column":null}},"type":"binary-expr","locations":[{"start":{"line":89,"column":52},"end":{"line":89,"column":80}},{"start":{"line":89,"column":80},"end":{"line":89,"column":null}}],"line":89},"10":{"loc":{"start":{"line":99,"column":6},"end":{"line":102,"column":null}},"type":"if","locations":[{"start":{"line":99,"column":6},"end":{"line":102,"column":null}},{"start":{},"end":{}}],"line":99},"11":{"loc":{"start":{"line":119,"column":47},"end":{"line":119,"column":null}},"type":"binary-expr","locations":[{"start":{"line":119,"column":47},"end":{"line":119,"column":78}},{"start":{"line":119,"column":78},"end":{"line":119,"column":null}}],"line":119},"12":{"loc":{"start":{"line":120,"column":51},"end":{"line":120,"column":null}},"type":"binary-expr","locations":[{"start":{"line":120,"column":51},"end":{"line":120,"column":82}},{"start":{"line":120,"column":82},"end":{"line":120,"column":null}}],"line":120},"13":{"loc":{"start":{"line":132,"column":37},"end":{"line":132,"column":53}},"type":"default-arg","locations":[{"start":{"line":132,"column":49},"end":{"line":132,"column":53}}],"line":132},"14":{"loc":{"start":{"line":132,"column":53},"end":{"line":132,"column":88}},"type":"default-arg","locations":[{"start":{"line":132,"column":60},"end":{"line":132,"column":88}}],"line":132}},"s":{"0":12,"1":12,"2":1593,"3":1593,"4":1593,"5":1593,"6":7,"7":7,"8":7,"9":195,"10":195,"11":195,"12":195,"13":195,"14":195,"15":195,"16":7,"17":6,"18":6,"19":6,"20":6,"21":6,"22":139,"23":139,"24":139,"25":3741,"26":139,"27":3602,"28":3741,"29":3741,"30":3741,"31":139,"32":12709,"33":139,"34":304,"35":304,"36":304,"37":304,"38":198,"39":198,"40":139,"41":4,"42":4,"43":114,"44":114,"45":342,"46":342,"47":4,"48":3,"49":3,"50":3,"51":3,"52":3},"f":{"0":12,"1":1593,"2":7,"3":6,"4":12709,"5":4,"6":114,"7":3},"b":{"0":[7],"1":[7],"2":[6],"3":[139,3602],"4":[3602,0],"5":[3741,0],"6":[3741,0],"7":[3741,0],"8":[3741,0],"9":[3741,0],"10":[198,106],"11":[342,0],"12":[342,0],"13":[3],"14":[3]},"meta":{"lastBranch":15,"lastFunction":8,"lastStatement":53,"seen":{"f:28:16:28:29":0,"s:29:14:29:Infinity":0,"s:30:2:36:Infinity":1,"f:30:2:30:15":1,"s:32:4:32:Infinity":2,"s:33:12:33:Infinity":3,"s:34:4:34:Infinity":4,"s:35:4:35:Infinity":5,"f:46:16:46:Infinity":2,"b:49:16:49:Infinity":0,"b:50:16:50:Infinity":1,"s:52:20:52:Infinity":6,"s:53:2:64:Infinity":7,"s:53:15:53:18":8,"s:55:14:55:Infinity":9,"s:56:18:56:Infinity":10,"s:57:19:57:Infinity":11,"s:60:19:60:Infinity":12,"s:61:4:61:Infinity":13,"s:62:4:62:Infinity":14,"s:63:4:63:Infinity":15,"s:65:2:65:Infinity":16,"f:72:16:72:Infinity":3,"b:74:21:74:Infinity":2,"s:76:20:76:Infinity":17,"s:77:19:77:Infinity":18,"s:78:41:78:Infinity":19,"s:80:2:104:Infinity":20,"s:80:15:80:18":21,"s:82:64:82:Infinity":22,"s:83:4:91:Infinity":23,"s:83:17:83:20":24,"b:84:6:86:Infinity:undefined:undefined:undefined:undefined":3,"s:84:6:86:Infinity":25,"s:85:8:85:Infinity":26,"s:87:12:87:Infinity":27,"b:87:18:87:42:87:42:87:48":4,"b:87:48:87:72:87:72:87:Infinity":5,"s:88:12:88:Infinity":28,"b:88:18:88:46:88:46:88:52":6,"b:88:52:88:80:88:80:88:Infinity":7,"s:89:12:89:Infinity":29,"b:89:18:89:46:89:46:89:52":8,"b:89:52:89:80:89:80:89:Infinity":9,"s:90:6:90:Infinity":30,"s:93:4:93:Infinity":31,"f:93:14:93:20":4,"s:93:29:93:48":32,"s:94:4:103:Infinity":33,"s:96:16:96:Infinity":34,"s:97:16:97:Infinity":35,"s:98:18:98:Infinity":36,"b:99:6:102:Infinity:undefined:undefined:undefined:undefined":10,"s:99:6:102:Infinity":37,"s:100:8:100:Infinity":38,"s:101:8:101:Infinity":39,"s:105:2:105:Infinity":40,"f:112:16:112:Infinity":5,"s:116:27:116:Infinity":41,"s:117:2:122:Infinity":42,"f:117:8:117:17":6,"s:118:4:121:Infinity":43,"s:118:20:118:23":44,"s:119:6:119:Infinity":45,"b:119:47:119:78:119:78:119:Infinity":11,"s:120:6:120:Infinity":46,"b:120:51:120:82:120:82:120:Infinity":12,"s:123:2:123:Infinity":47,"f:132:16:132:37":7,"b:132:49:132:53":13,"b:132:60:132:88":14,"s:133:17:133:Infinity":48,"s:134:24:134:Infinity":49,"s:135:16:135:Infinity":50,"s:136:24:136:Infinity":51,"s:137:2:137:Infinity":52},"fnNames":{}}}
}
